\BOOKMARK [0][-]{section*.1}{\376\377\000\315\000n\000d\000i\000c\000e\000\040\000g\000e\000n\000e\000r\000a\000l}{}% 1
\BOOKMARK [0][-]{section*.2}{\376\377\000\315\000n\000d\000i\000c\000e\000\040\000d\000e\000\040\000f\000i\000g\000u\000r\000a\000s}{}% 2
\BOOKMARK [0][-]{section*.3}{\376\377\000\315\000n\000d\000i\000c\000e\000\040\000d\000e\000\040\000t\000a\000b\000l\000a\000s}{}% 3
\BOOKMARK [0][-]{appendix.Alph1}{\376\377\000P\000l\000a\000n\000\040\000d\000e\000\040\000P\000r\000o\000y\000e\000c\000t\000o\000\040\000S\000o\000f\000t\000w\000a\000r\000e}{}% 4
\BOOKMARK [1][-]{section.Alph1.1}{\376\377\000I\000n\000t\000r\000o\000d\000u\000c\000c\000i\000\363\000n}{appendix.Alph1}% 5
\BOOKMARK [1][-]{section.Alph1.2}{\376\377\000P\000l\000a\000n\000i\000f\000i\000c\000a\000c\000i\000\363\000n\000\040\000t\000e\000m\000p\000o\000r\000a\000l}{appendix.Alph1}% 6
\BOOKMARK [1][-]{section.Alph1.3}{\376\377\000E\000s\000t\000u\000d\000i\000o\000\040\000d\000e\000\040\000v\000i\000a\000b\000i\000l\000i\000d\000a\000d}{appendix.Alph1}% 7
\BOOKMARK [0][-]{appendix.Alph2}{\376\377\000E\000s\000p\000e\000c\000i\000f\000i\000c\000a\000c\000i\000\363\000n\000\040\000d\000e\000\040\000R\000e\000q\000u\000i\000s\000i\000t\000o\000s}{}% 8
\BOOKMARK [1][-]{section.Alph2.1}{\376\377\000I\000n\000t\000r\000o\000d\000u\000c\000c\000i\000\363\000n}{appendix.Alph2}% 9
\BOOKMARK [1][-]{section.Alph2.2}{\376\377\000O\000b\000j\000e\000t\000i\000v\000o\000s\000\040\000g\000e\000n\000e\000r\000a\000l\000e\000s}{appendix.Alph2}% 10
\BOOKMARK [1][-]{section.Alph2.3}{\376\377\000C\000a\000t\000\341\000l\000o\000g\000o\000\040\000d\000e\000\040\000r\000e\000q\000u\000i\000s\000i\000t\000o\000s}{appendix.Alph2}% 11
\BOOKMARK [1][-]{section.Alph2.4}{\376\377\000E\000s\000p\000e\000c\000i\000f\000i\000c\000a\000c\000i\000\363\000n\000\040\000d\000e\000\040\000r\000e\000q\000u\000i\000s\000i\000t\000o\000s}{appendix.Alph2}% 12
\BOOKMARK [0][-]{appendix.Alph3}{\376\377\000E\000s\000p\000e\000c\000i\000f\000i\000c\000a\000c\000i\000\363\000n\000\040\000d\000e\000\040\000d\000i\000s\000e\000\361\000o}{}% 13
\BOOKMARK [1][-]{section.Alph3.1}{\376\377\000I\000n\000t\000r\000o\000d\000u\000c\000c\000i\000\363\000n}{appendix.Alph3}% 14
\BOOKMARK [1][-]{section.Alph3.2}{\376\377\000D\000i\000s\000e\000\361\000o\000\040\000d\000e\000\040\000d\000a\000t\000o\000s}{appendix.Alph3}% 15
\BOOKMARK [1][-]{section.Alph3.3}{\376\377\000D\000i\000s\000e\000\361\000o\000\040\000p\000r\000o\000c\000e\000d\000i\000m\000e\000n\000t\000a\000l}{appendix.Alph3}% 16
\BOOKMARK [1][-]{section.Alph3.4}{\376\377\000D\000i\000s\000e\000\361\000o\000\040\000a\000r\000q\000u\000i\000t\000e\000c\000t\000\363\000n\000i\000c\000o}{appendix.Alph3}% 17
\BOOKMARK [0][-]{appendix.Alph4}{\376\377\000D\000o\000c\000u\000m\000e\000n\000t\000a\000c\000i\000\363\000n\000\040\000t\000\351\000c\000n\000i\000c\000a\000\040\000d\000e\000\040\000p\000r\000o\000g\000r\000a\000m\000a\000c\000i\000\363\000n}{}% 18
\BOOKMARK [1][-]{section.Alph4.1}{\376\377\000I\000n\000t\000r\000o\000d\000u\000c\000c\000i\000\363\000n}{appendix.Alph4}% 19
\BOOKMARK [1][-]{section.Alph4.2}{\376\377\000E\000s\000t\000r\000u\000c\000t\000u\000r\000a\000\040\000d\000e\000\040\000d\000i\000r\000e\000c\000t\000o\000r\000i\000o\000s}{appendix.Alph4}% 20
\BOOKMARK [1][-]{section.Alph4.3}{\376\377\000M\000a\000n\000u\000a\000l\000\040\000d\000e\000l\000\040\000p\000r\000o\000g\000r\000a\000m\000a\000d\000o\000r}{appendix.Alph4}% 21
\BOOKMARK [1][-]{section.Alph4.4}{\376\377\000C\000o\000m\000p\000i\000l\000a\000c\000i\000\363\000n\000,\000\040\000i\000n\000s\000t\000a\000l\000a\000c\000i\000\363\000n\000\040\000y\000\040\000e\000j\000e\000c\000u\000c\000i\000\363\000n\000\040\000d\000e\000l\000\040\000p\000r\000o\000y\000e\000c\000t\000o}{appendix.Alph4}% 22
\BOOKMARK [1][-]{section.Alph4.5}{\376\377\000P\000r\000u\000e\000b\000a\000s\000\040\000d\000e\000l\000\040\000s\000i\000s\000t\000e\000m\000a}{appendix.Alph4}% 23
\BOOKMARK [0][-]{appendix.Alph5}{\376\377\000D\000o\000c\000u\000m\000e\000n\000t\000a\000c\000i\000\363\000n\000\040\000d\000e\000\040\000u\000s\000u\000a\000r\000i\000o}{}% 24
\BOOKMARK [1][-]{section.Alph5.1}{\376\377\000I\000n\000t\000r\000o\000d\000u\000c\000c\000i\000\363\000n}{appendix.Alph5}% 25
\BOOKMARK [1][-]{section.Alph5.2}{\376\377\000R\000e\000q\000u\000i\000s\000i\000t\000o\000s\000\040\000d\000e\000\040\000u\000s\000u\000a\000r\000i\000o\000s}{appendix.Alph5}% 26
\BOOKMARK [1][-]{section.Alph5.3}{\376\377\000I\000n\000s\000t\000a\000l\000a\000c\000i\000\363\000n}{appendix.Alph5}% 27
\BOOKMARK [1][-]{section.Alph5.4}{\376\377\000M\000a\000n\000u\000a\000l\000\040\000d\000e\000l\000\040\000u\000s\000u\000a\000r\000i\000o}{appendix.Alph5}% 28
\BOOKMARK [0][-]{appendix.Alph6}{\376\377\000A\000n\000e\000x\000o\000\040\000d\000e\000\040\000s\000o\000s\000t\000e\000n\000i\000b\000i\000l\000i\000z\000a\000c\000i\000\363\000n\000\040\000c\000u\000r\000r\000i\000c\000u\000l\000a\000r}{}% 29
\BOOKMARK [1][-]{section.Alph6.1}{\376\377\000I\000n\000t\000r\000o\000d\000u\000c\000c\000i\000\363\000n}{appendix.Alph6}% 30
\BOOKMARK [0][-]{appendix*.51}{\376\377\000B\000i\000b\000l\000i\000o\000g\000r\000a\000f\000\355\000a}{}% 31
