\BOOKMARK [0][-]{section*.1}{\376\377\000\315\000n\000d\000i\000c\000e\000\040\000g\000e\000n\000e\000r\000a\000l}{}% 1
\BOOKMARK [0][-]{section*.2}{\376\377\000\315\000n\000d\000i\000c\000e\000\040\000d\000e\000\040\000f\000i\000g\000u\000r\000a\000s}{}% 2
\BOOKMARK [0][-]{section*.3}{\376\377\000\315\000n\000d\000i\000c\000e\000\040\000d\000e\000\040\000t\000a\000b\000l\000a\000s}{}% 3
\BOOKMARK [0][-]{chapter*.4}{\376\377\0001\000.\000\040\000I\000n\000t\000r\000o\000d\000u\000c\000c\000i\000\363\000n}{}% 4
\BOOKMARK [1][-]{section.1.1}{\376\377\000E\000s\000t\000r\000u\000c\000t\000u\000r\000a\000\040\000d\000e\000\040\000l\000a\000\040\000m\000e\000m\000o\000r\000i\000a}{chapter*.4}% 5
\BOOKMARK [1][-]{section.1.2}{\376\377\000M\000a\000t\000e\000r\000i\000a\000l\000e\000s\000\040\000a\000d\000j\000u\000n\000t\000o\000s}{chapter*.4}% 6
\BOOKMARK [0][-]{chapter*.5}{\376\377\0002\000.\000\040\000O\000b\000j\000e\000t\000i\000v\000o\000s\000\040\000d\000e\000l\000\040\000p\000r\000o\000y\000e\000c\000t\000o}{}% 7
\BOOKMARK [1][-]{section.2.1}{\376\377\000O\000b\000j\000e\000t\000i\000v\000o\000s\000\040\000g\000e\000n\000e\000r\000a\000l\000e\000s}{chapter*.5}% 8
\BOOKMARK [1][-]{section.2.2}{\376\377\000O\000b\000j\000e\000t\000i\000v\000o\000s\000\040\000d\000e\000\040\000c\000a\000r\000\341\000c\000t\000e\000r\000\040\000t\000\351\000c\000n\000i\000c\000o}{chapter*.5}% 9
\BOOKMARK [1][-]{section.2.3}{\376\377\000O\000b\000j\000e\000t\000i\000v\000o\000s\000\040\000p\000e\000r\000s\000o\000n\000a\000l\000e\000s}{chapter*.5}% 10
\BOOKMARK [0][-]{chapter*.6}{\376\377\0003\000.\000\040\000C\000o\000n\000c\000e\000p\000t\000o\000s\000\040\000t\000e\000\363\000r\000i\000c\000o\000s}{}% 11
\BOOKMARK [1][-]{section.3.1}{\376\377\000D\000i\000v\000e\000r\000s\000i\000f\000i\000c\000a\000c\000i\000\363\000n\000\040\000d\000e\000\040\000u\000n\000a\000\040\000c\000a\000r\000t\000e\000r\000a\000\040\000d\000e\000\040\000v\000a\000l\000o\000r\000e\000s\000\040\000c\000o\000t\000i\000z\000a\000d\000o\000s}{chapter*.6}% 12
\BOOKMARK [1][-]{section.3.2}{\376\377\000A\000n\000\341\000l\000i\000s\000i\000s\000\040\000d\000e\000\040\000s\000e\000r\000i\000e\000s\000\040\000t\000e\000m\000p\000o\000r\000a\000l\000e\000s\000\040\000c\000o\000n\000\040\000m\000o\000d\000e\000l\000o\000s\000\040\000A\000R\000I\000M\000A}{chapter*.6}% 13
\BOOKMARK [1][-]{section.3.3}{\376\377\000T\000r\000a\000d\000i\000n\000g\000\040\000a\000l\000g\000o\000r\000\355\000t\000m\000i\000c\000o}{chapter*.6}% 14
\BOOKMARK [0][-]{chapter*.33}{\376\377\0004\000.\000\040\000T\000\351\000c\000n\000i\000c\000a\000s\000\040\000y\000\040\000h\000e\000r\000r\000a\000m\000i\000e\000n\000t\000a\000s}{}% 15
\BOOKMARK [1][-]{section.4.1}{\376\377\000T\000\351\000c\000n\000i\000c\000a\000s\000\040\000m\000e\000t\000o\000d\000o\000l\000\363\000g\000i\000c\000a\000s}{chapter*.33}% 16
\BOOKMARK [1][-]{section.4.2}{\376\377\000P\000a\000t\000r\000o\000n\000e\000s\000\040\000d\000e\000\040\000d\000i\000s\000e\000\361\000o}{chapter*.33}% 17
\BOOKMARK [1][-]{section.4.3}{\376\377\000C\000o\000n\000t\000r\000o\000l\000\040\000d\000e\000\040\000v\000e\000r\000s\000i\000o\000n\000e\000s}{chapter*.33}% 18
\BOOKMARK [1][-]{section.4.4}{\376\377\000A\000l\000o\000j\000a\000m\000i\000e\000n\000t\000o\000\040\000d\000e\000l\000\040\000r\000e\000p\000o\000s\000i\000t\000o\000r\000i\000o}{chapter*.33}% 19
\BOOKMARK [1][-]{section.4.5}{\376\377\000G\000e\000s\000t\000i\000\363\000n\000\040\000d\000e\000l\000\040\000p\000r\000o\000y\000e\000c\000t\000o}{chapter*.33}% 20
\BOOKMARK [1][-]{section.4.6}{\376\377\000C\000o\000m\000u\000n\000i\000c\000a\000c\000i\000\363\000n}{chapter*.33}% 21
\BOOKMARK [1][-]{section.4.7}{\376\377\000E\000n\000t\000o\000r\000n\000o\000\040\000d\000e\000\040\000d\000e\000s\000a\000r\000r\000o\000l\000l\000o\000\040\000i\000n\000t\000e\000g\000r\000a\000d\000o\000\040\000\050\000I\000D\000E\000\051}{chapter*.33}% 22
\BOOKMARK [1][-]{section.4.8}{\376\377\000D\000o\000c\000u\000m\000e\000n\000t\000a\000c\000i\000\363\000n\000\040\000d\000e\000\040\000l\000a\000\040\000m\000e\000m\000o\000r\000i\000a}{chapter*.33}% 23
\BOOKMARK [1][-]{section.4.9}{\376\377\000D\000o\000c\000u\000m\000e\000n\000t\000a\000c\000i\000\363\000n\000\040\000d\000e\000l\000\040\000c\000\363\000d\000i\000g\000o}{chapter*.33}% 24
\BOOKMARK [1][-]{section.4.10}{\376\377\000I\000n\000t\000e\000g\000r\000a\000c\000i\000\363\000n\000\040\000y\000\040\000d\000e\000s\000p\000l\000i\000e\000g\000u\000e\000\040\000c\000o\000n\000t\000i\000n\000u\000o\000s\000\040\000\050\000C\000I\000/\000C\000D\000\051}{chapter*.33}% 25
\BOOKMARK [1][-]{section.4.11}{\376\377\000C\000a\000l\000i\000d\000a\000d\000\040\000y\000\040\000c\000o\000n\000s\000i\000s\000t\000e\000n\000c\000i\000a\000\040\000d\000e\000\040\000c\000\363\000d\000i\000g\000o}{chapter*.33}% 26
\BOOKMARK [1][-]{section.4.12}{\376\377\000C\000o\000b\000e\000r\000t\000u\000r\000a\000\040\000d\000e\000\040\000c\000\363\000d\000i\000g\000o}{chapter*.33}% 27
\BOOKMARK [1][-]{section.4.13}{\376\377\000F\000r\000a\000m\000e\000w\000o\000r\000k\000\040\000w\000e\000b}{chapter*.33}% 28
\BOOKMARK [1][-]{section.4.14}{\376\377\000S\000i\000s\000t\000e\000m\000a\000\040\000g\000e\000s\000t\000o\000r\000\040\000d\000e\000\040\000b\000a\000s\000e\000s\000\040\000d\000e\000\040\000d\000a\000t\000o\000s}{chapter*.33}% 29
\BOOKMARK [1][-]{section.4.15}{\376\377\000B\000i\000b\000l\000i\000o\000t\000e\000c\000a\000s\000\040\000y\000\040\000l\000i\000b\000r\000e\000r\000\355\000a\000s\000\040\000r\000e\000l\000e\000v\000a\000n\000t\000e\000s}{chapter*.33}% 30
\BOOKMARK [1][-]{section.4.16}{\376\377\000D\000e\000s\000a\000r\000r\000o\000l\000l\000o\000\040\000w\000e\000b}{chapter*.33}% 31
\BOOKMARK [1][-]{section.4.17}{\376\377\000O\000t\000r\000a\000s\000\040\000h\000e\000r\000r\000a\000m\000i\000e\000n\000t\000a\000s}{chapter*.33}% 32
\BOOKMARK [0][-]{chapter*.57}{\376\377\0005\000.\000\040\000A\000s\000p\000e\000c\000t\000o\000s\000\040\000r\000e\000l\000e\000v\000a\000n\000t\000e\000s\000\040\000d\000e\000l\000\040\000d\000e\000s\000a\000r\000r\000o\000l\000l\000o\000\040\000d\000e\000l\000\040\000p\000r\000o\000y\000e\000c\000t\000o}{}% 33
\BOOKMARK [1][-]{section.5.1}{\376\377\000I\000n\000i\000c\000i\000o\000\040\000d\000e\000l\000\040\000p\000r\000o\000y\000e\000c\000t\000o}{chapter*.57}% 34
\BOOKMARK [1][-]{section.5.2}{\376\377\000M\000e\000t\000o\000d\000o\000l\000o\000g\000\355\000a\000s}{chapter*.57}% 35
\BOOKMARK [1][-]{section.5.3}{\376\377\000F\000o\000r\000m\000a\000c\000i\000\363\000n}{chapter*.57}% 36
\BOOKMARK [1][-]{section.5.4}{\376\377\000O\000b\000t\000e\000n\000c\000i\000\363\000n\000\040\000y\000\040\000p\000r\000o\000c\000e\000s\000a\000m\000i\000e\000n\000t\000o\000\040\000d\000e\000\040\000d\000a\000t\000o\000s}{chapter*.57}% 37
\BOOKMARK [1][-]{section.5.5}{\376\377\000D\000i\000v\000i\000s\000i\000\363\000n\000\040\000p\000o\000r\000\040\000a\000p\000l\000i\000c\000a\000c\000i\000o\000n\000e\000s}{chapter*.57}% 38
\BOOKMARK [1][-]{section.5.6}{\376\377\000F\000u\000e\000n\000t\000e\000s\000\040\000d\000e\000\040\000n\000o\000t\000i\000c\000i\000a\000s}{chapter*.57}% 39
\BOOKMARK [1][-]{section.5.7}{\376\377\000S\000e\000c\000u\000r\000i\000z\000a\000r\000\040\000c\000l\000a\000v\000e\000s\000\040\000d\000e\000\040\000A\000P\000I\000s}{chapter*.57}% 40
\BOOKMARK [1][-]{section.5.8}{\376\377\000D\000e\000s\000a\000r\000r\000o\000l\000l\000o\000\040\000b\000a\000c\000k\000e\000n\000d\000\040\000y\000\040\000f\000r\000o\000n\000t\000e\000n\000d\000\040\000d\000e\000\040\000D\000a\000s\000h\000B\000o\000a\000r\000d\000\040\000d\000e\000\040\000u\000s\000u\000a\000r\000i\000o}{chapter*.57}% 41
\BOOKMARK [1][-]{section.5.9}{\376\377\000D\000e\000s\000a\000r\000r\000o\000l\000l\000o\000\040\000b\000a\000c\000k\000e\000n\000d\000\040\000y\000\040\000f\000r\000o\000n\000t\000e\000n\000d\000\040\000d\000e\000l\000\040\000L\000a\000b}{chapter*.57}% 42
\BOOKMARK [1][-]{section.5.10}{\376\377\000D\000e\000s\000a\000r\000r\000o\000l\000l\000o\000\040\000d\000e\000\040\000f\000o\000r\000m\000u\000l\000a\000r\000i\000o\000s\000\040\000p\000a\000r\000a\000\040\000i\000n\000t\000e\000r\000a\000c\000t\000u\000a\000r\000\040\000c\000o\000n\000\040\000e\000l\000\040\000u\000s\000u\000a\000r\000i\000o}{chapter*.57}% 43
\BOOKMARK [1][-]{section.5.11}{\376\377\000T\000e\000s\000t\000i\000n\000g}{chapter*.57}% 44
\BOOKMARK [0][-]{chapter*.68}{\376\377\0006\000.\000\040\000T\000r\000a\000b\000a\000j\000o\000s\000\040\000r\000e\000l\000a\000c\000i\000o\000n\000a\000d\000o\000s}{}% 45
\BOOKMARK [0][-]{chapter*.69}{\376\377\0007\000.\000\040\000C\000o\000n\000c\000l\000u\000s\000i\000o\000n\000e\000s\000\040\000y\000\040\000L\000\355\000n\000e\000a\000s\000\040\000d\000e\000\040\000t\000r\000a\000b\000a\000j\000o\000\040\000f\000u\000t\000u\000r\000a\000s}{}% 46
\BOOKMARK [1][-]{section.7.1}{\376\377\000C\000o\000n\000c\000l\000u\000s\000i\000o\000n\000e\000s}{chapter*.69}% 47
\BOOKMARK [1][-]{section.7.2}{\376\377\000L\000\355\000n\000e\000a\000s\000\040\000d\000e\000\040\000t\000r\000a\000b\000a\000j\000o\000\040\000f\000u\000t\000u\000r\000a\000s}{chapter*.69}% 48
\BOOKMARK [0][-]{chapter*.70}{\376\377\000B\000i\000b\000l\000i\000o\000g\000r\000a\000f\000\355\000a}{}% 49
