This is pdfTeX, Version 3.141592653-2.6-1.40.25 (MiKTeX 23.10.12) (preloaded format=pdflatex 2023.11.7)  2 JUN 2024 08:59
entering extended mode
 restricted \write18 enabled.
 %&-line parsing enabled.
**./memoria.tex
(memoria.tex
LaTeX2e <2023-11-01>
L3 programming layer <2023-11-01>
(C:\Users\rodri\AppData\Local\Programs\MiKTeX\tex/latex/memoir\memoir.cls
Document Class: memoir 2023/08/21 v3.8.1 configurable book, report, article doc
ument class
(C:\Users\rodri\AppData\Local\Programs\MiKTeX\tex/latex/xpatch\xpatch.sty
(C:\Users\rodri\AppData\Local\Programs\MiKTeX\tex/latex/l3kernel\expl3.sty
Package: expl3 2023-11-01 L3 programming layer (loader) 

(C:\Users\rodri\AppData\Local\Programs\MiKTeX\tex/latex/l3backend\l3backend-pdf
tex.def
File: l3backend-pdftex.def 2023-10-23 L3 backend support: PDF output (pdfTeX)
\l__color_backend_stack_int=\count186
\l__pdf_internal_box=\box51
))
Package: xpatch 2020/03/25 v0.3a Extending etoolbox patching commands

(C:\Users\rodri\AppData\Local\Programs\MiKTeX\tex/latex/l3packages/xparse\xpars
e.sty
Package: xparse 2023-10-10 L3 Experimental document command parser
)
(C:\Users\rodri\AppData\Local\Programs\MiKTeX\tex/latex/etoolbox\etoolbox.sty
Package: etoolbox 2020/10/05 v2.5k e-TeX tools for LaTeX (JAW)
\etb@tempcnta=\count187
))
\onelineskip=\skip48
\lxvchars=\skip49
\xlvchars=\skip50
\@memcnta=\count188
\c@@memmarkcntra=\count189
(C:\Users\rodri\AppData\Local\Programs\MiKTeX\tex/generic/iftex\iftex.sty
Package: iftex 2022/02/03 v1.0f TeX engine tests
)
\trimtop=\skip51
\trimedge=\skip52

(C:\Users\rodri\AppData\Local\Programs\MiKTeX\tex/latex/memoir\mem12.clo
File: mem12.clo 2022/07/29 v0.5 memoir class 12pt size option
)
\binding=\skip53
\spinemargin=\skip54
\foremargin=\skip55
\uppermargin=\skip56
\lowermargin=\skip57
\headdrop=\skip58
\normalrulethickness=\skip59
\mem@maxheadheight=\skip60
\mem@maxfootheight=\skip61
\headwidth=\skip62
\c@storedpagenumber=\count190
\memPD=\dimen140
\m@mabparskip=\skip63
\thanksmarkwidth=\skip64
\thanksmarksep=\skip65
\droptitle=\skip66
\c@book=\count191
\c@part=\count192
\c@chapter=\count193
\c@section=\count194
\c@subsection=\count195
\c@subsubsection=\count196
\c@paragraph=\count197
\c@subparagraph=\count198
\beforechapskip=\skip67
\midchapskip=\skip68
\afterchapskip=\skip69
\chapindent=\skip70
\bottomsectionskip=\skip71
\secindent=\skip72
\beforesecskip=\skip73
\aftersecskip=\skip74
\subsecindent=\skip75
\beforesubsecskip=\skip76
\aftersubsecskip=\skip77
\subsubsecindent=\skip78
\beforesubsubsecskip=\skip79
\aftersubsubsecskip=\skip80
\paraindent=\skip81
\beforeparaskip=\skip82
\afterparaskip=\skip83
\subparaindent=\skip84
\beforesubparaskip=\skip85
\aftersubparaskip=\skip86
\pfbreakskip=\skip87
\c@@ppsavesec=\count199
\c@@ppsaveapp=\count266
\ragrparindent=\dimen141
\everylistparindent=\dimen142
\parsepi=\skip88
\topsepi=\skip89
\itemsepi=\skip90
\parsepii=\skip91
\topsepii=\skip92
\topsepiii=\skip93
\itemsepii=\skip94
\itemsepiii=\skip95
\partopsepii=\skip96
\partopsepiii=\skip97
\m@msavetopsep=\skip98
\m@msavepartopsep=\skip99
\@enLab=\toks17
\abstitleskip=\skip100
\absleftindent=\skip101
\abs@leftindent=\dimen143
\absrightindent=\skip102
\absparindent=\skip103
\absparsep=\skip104
\c@vslineno=\count267
\c@poemline=\count268
\c@modulo@vs=\count269
\c@memfvsline=\count270
\vleftskip=\skip105
\vrightskip=\skip106
\stanzaskip=\skip107
\versewidth=\skip108
\vgap=\skip109
\vindent=\skip110
\vleftmargin=\dimen144
\c@verse=\count271
\c@chrsinstr=\count272
\beforepoemtitleskip=\skip111
\afterpoemtitleskip=\skip112
\c@poem=\count273
\beforePoemTitleskip=\skip113
\midPoemTitleskip=\skip114
\afterPoemTitleskip=\skip115

(C:\Users\rodri\AppData\Local\Programs\MiKTeX\tex/latex/tools\array.sty
Package: array 2023/10/16 v2.5g Tabular extension package (FMi)
\col@sep=\dimen145
\ar@mcellbox=\box52
\extrarowheight=\dimen146
\NC@list=\toks18
\extratabsurround=\skip116
\backup@length=\skip117
\ar@cellbox=\box53
)
(C:\Users\rodri\AppData\Local\Programs\MiKTeX\tex/latex/tools\dcolumn.sty
Package: dcolumn 2023/07/08 v1.06 decimal alignment package (DPC)
)
(C:\Users\rodri\AppData\Local\Programs\MiKTeX\tex/latex/tools\delarray.sty
Package: delarray 2014/10/28 v1.01 array delimiter package (DPC)
)
(C:\Users\rodri\AppData\Local\Programs\MiKTeX\tex/latex/tools\tabularx.sty
Package: tabularx 2023/07/08 v2.11c `tabularx' package (DPC)
\TX@col@width=\dimen147
\TX@old@table=\dimen148
\TX@old@col=\dimen149
\TX@target=\dimen150
\TX@delta=\dimen151
\TX@cols=\count274
\TX@ftn=\toks19
)
(C:\Users\rodri\AppData\Local\Programs\MiKTeX\tex/latex/booktabs\booktabs.sty
Package: booktabs 2020/01/12 v1.61803398 Publication quality tables
\heavyrulewidth=\dimen152
\lightrulewidth=\dimen153
\cmidrulewidth=\dimen154
\belowrulesep=\dimen155
\belowbottomsep=\dimen156
\aboverulesep=\dimen157
\abovetopsep=\dimen158
\cmidrulesep=\dimen159
\cmidrulekern=\dimen160
\defaultaddspace=\dimen161
\@cmidla=\count275
\@cmidlb=\count276
\@aboverulesep=\dimen162
\@belowrulesep=\dimen163
\@thisruleclass=\count277
\@lastruleclass=\count278
\@thisrulewidth=\dimen164
)
\ctableftskip=\skip118
\ctabrightskip=\skip119
\abovecolumnspenalty=\count279
\@linestogo=\count280
\@cellstogo=\count281
\@cellsincolumn=\count282
\crtok=\toks20
\@mincolumnwidth=\dimen165
\c@newflo@tctr=\count283
\mem@margin@floatbox=\box54
\@contcwidth=\skip120
\@contindw=\skip121
\abovecaptionskip=\skip122
\belowcaptionskip=\skip123
\subfloattopskip=\skip124
\subfloatcapskip=\skip125
\subfloatcaptopadj=\skip126
\subfloatbottomskip=\skip127
\subfloatlabelskip=\skip128
\subfloatcapmargin=\dimen166
\c@@contsubnum=\count284
\m@mscap@capbox=\box55
\m@mscap@fbox=\box56
\sidecapsep=\dimen167
\sidecapwidth=\dimen168
\m@m@tempdima=\dimen169
\m@mscapraise=\dimen170
\sidecapraise=\dimen171
\m@mscapmainwidth=\dimen172
\m@mscaplkern=\dimen173
\beforeepigraphskip=\skip129
\afterepigraphskip=\skip130
\epigraphwidth=\skip131
\epigraphrule=\skip132
LaTeX Info: Redefining \em on input line 6878.
LaTeX Info: Redefining \emph on input line 6886.

(C:\Users\rodri\AppData\Local\Programs\MiKTeX\tex/latex/hyperref\nameref.sty
Package: nameref 2023-10-05 v2.54 Cross-referencing by name of section

(C:\Users\rodri\AppData\Local\Programs\MiKTeX\tex/latex/refcount\refcount.sty
Package: refcount 2019/12/15 v3.6 Data extraction from label references (HO)

(C:\Users\rodri\AppData\Local\Programs\MiKTeX\tex/generic/ltxcmds\ltxcmds.sty
Package: ltxcmds 2020-05-10 v1.25 LaTeX kernel commands for general use (HO)
)
(C:\Users\rodri\AppData\Local\Programs\MiKTeX\tex/generic/infwarerr\infwarerr.s
ty
Package: infwarerr 2019/12/03 v1.5 Providing info/warning/error messages (HO)
))
(C:\Users\rodri\AppData\Local\Programs\MiKTeX\tex/generic/gettitlestring\gettit
lestring.sty
Package: gettitlestring 2019/12/15 v1.6 Cleanup title references (HO)

(C:\Users\rodri\AppData\Local\Programs\MiKTeX\tex/latex/kvoptions\kvoptions.sty
Package: kvoptions 2022-06-15 v3.15 Key value format for package options (HO)
(C:\Users\rodri\AppData\Local\Programs\MiKTeX\tex/latex/graphics\keyval.sty
Package: keyval 2022/05/29 v1.15 key=value parser (DPC)
\KV@toks@=\toks21
)
(C:\Users\rodri\AppData\Local\Programs\MiKTeX\tex/latex/kvsetkeys\kvsetkeys.sty
Package: kvsetkeys 2022-10-05 v1.19 Key value parser (HO)
)))
\c@section@level=\count285
)
\tocentryskip=\skip133
\tocbaseline=\skip134
\cftparskip=\skip135
\cftbeforebookskip=\skip136
\cftbookindent=\dimen174
\cftbooknumwidth=\dimen175
\cftbeforepartskip=\skip137
\cftpartindent=\skip138
\cftpartnumwidth=\skip139
\cftbeforechapterskip=\skip140
\cftchapterindent=\skip141
\cftchapternumwidth=\skip142
\cftbeforesectionskip=\skip143
\cftsectionindent=\skip144
\cftsectionnumwidth=\skip145
\cftbeforesubsectionskip=\skip146
\cftsubsectionindent=\skip147
\cftsubsectionnumwidth=\skip148
\cftbeforesubsubsectionskip=\skip149
\cftsubsubsectionindent=\skip150
\cftsubsubsectionnumwidth=\skip151
\cftbeforeparagraphskip=\skip152
\cftparagraphindent=\skip153
\cftparagraphnumwidth=\skip154
\cftbeforesubparagraphskip=\skip155
\cftsubparagraphindent=\skip156
\cftsubparagraphnumwidth=\skip157
\prechapterprecisshift=\dimen176
\c@maxsecnumdepth=\count286
\bibindent=\dimen177
\bibitemsep=\skip158
\indexcolsep=\skip159
\indexrule=\skip160
\indexmarkstyle=\toks22
\@indexbox=\insert252
LaTeX Info: Redefining \raggedbottom on input line 7881.
LaTeX Info: Redefining \flushbottom on input line 7885.
\glossarycolsep=\dimen178
\glossaryrule=\dimen179
\sideparvshift=\skip161
\sideins=\insert251
\sidebartopsep=\skip162
\sidebarhsep=\skip163
\sidebarvsep=\skip164
\sidebarwidth=\skip165
\footmarkwidth=\skip166
\footmarksep=\skip167
\footparindent=\skip168
\footinsdim=\skip169
\footinsv@r=\insert250
\@mpfootinsv@r=\insert249
\m@m@k=\count287
\m@m@h=\dimen180
\m@mipn@skip=\skip170
\sidefootins=\insert248
\sidefootadjust=\skip171
\sidefootheight=\skip172
\sidefoothsep=\skip173
\sidefootvsep=\skip174
\sidefootwidth=\skip175
\m@mdownsf=\skip176
\c@sidefootnote=\count288
\sidefootmarkwidth=\skip177
\sidefootmarksep=\skip178
\sidefootparindent=\skip179
\c@pagenote=\count289
\c@pagenoteshadow=\count290
\mem@pn@lastkern=\skip180
\every@verbatim=\toks23
\afterevery@verbatim=\toks24
\verbatim@line=\toks25
\tab@position=\count291
\verbatim@in@stream=\read2
\verbatimindent=\skip181
\verbatim@out=\write3
\bvboxsep=\skip182
\c@memfbvline=\count292
\c@bvlinectr=\count293
\bvnumlength=\skip183
\fb@frw=\dimen181
\fb@frh=\dimen182
\FrameRule=\dimen183
\FrameSep=\dimen184
\c@cp@cntr=\count294
\c@ism@mctr=\count295
\c@xsm@mctr=\count296
\c@csm@mctr=\count297
\c@ksm@mctr=\count298
\c@xksm@mctr=\count299
\c@cksm@mctr=\count300
\c@msm@mctr=\count301
\c@xmsm@mctr=\count302
\c@cmsm@mctr=\count303
\c@bsm@mctr=\count304
\c@workm@mctr=\count305
\c@sheetsequence=\count306
\c@lastsheet=\count307
\c@lastpage=\count308

(C:\Users\rodri\AppData\Local\Programs\MiKTeX\tex/latex/textcase\textcase.sty
Package: textcase 2023/07/27 v1.04 Text only upper/lower case changing (DPC)
Package textcase Info: Defining Legacy names on input line 20.
)
\c@figure=\count309
\c@lofdepth=\count310
\cftbeforefigureskip=\skip184
\cftfigureindent=\skip185
\cftfigurenumwidth=\skip186
\c@table=\count311
\c@lotdepth=\count312
\cftbeforetableskip=\skip187
\cfttableindent=\skip188
\cfttablenumwidth=\skip189
Package abstract [2008/07/23] emulated by memoir.
Package appendix [2008/07/23] emulated by memoir.
Package ccaption [2008/07/23] emulated by memoir.
Package changepage [2008/07/23] emulated by memoir.
Package chngcntr [2008/07/23] emulated by memoir.
Package chngpage [2008/07/23] emulated by memoir.
Package crop emulated by memoir.
Package enumerate [2008/07/23] emulated by memoir.
Package epigraph [2008/07/23] emulated by memoir.
Package ifmtarg [2008/07/23] emulated by memoir.
Package index [2008/07/23] emulated by memoir.
Package makeidx [2008/07/23] emulated by memoir.
Package moreverb [2008/07/23] emulated by memoir.
Package needspace [2008/07/23] emulated by memoir.
Package newfile [2008/07/23] emulated by memoir.
Package nextpage [2008/07/23] emulated by memoir.
Package pagenote [2008/07/23] emulated by memoir.
Package parskip [2008/07/23] emulated by memoir.
Package patchcmd [2008/07/23] emulated by memoir.
Package setspace [2008/07/23] emulated by memoir.
Package shortvrb [2008/07/23] emulated by memoir.
Package showidx [2008/07/23] emulated by memoir.
Package titleref [2008/07/23] emulated by memoir.
Package titling [2008/07/23] emulated by memoir.
Package tocbibind [2008/07/23] emulated by memoir.
Package tocloft [2008/07/23] emulated by memoir.
Package tocvsec2 [2008/07/23] emulated by memoir.
Package verbatim [2008/07/23] emulated by memoir.
Package verse [2008/07/23] emulated by memoir.
) (C:\Users\rodri\AppData\Local\Programs\MiKTeX\tex/generic/babel\babel.sty
Package: babel 2023/10/25 v3.96 The Babel package
\babel@savecnt=\count313
\U@D=\dimen185
\l@unhyphenated=\language79

(C:\Users\rodri\AppData\Local\Programs\MiKTeX\tex/generic/babel\txtbabel.def)
\bbl@readstream=\read3
\bbl@dirlevel=\count314

*************************************
* Local config file bblopts.cfg used
*
(C:\Users\rodri\AppData\Local\Programs\MiKTeX\tex/latex/arabi\bblopts.cfg
File: bblopts.cfg 2005/09/08 v0.1 add Arabic and Farsi to "declared" options of
 babel
)
(C:\Users\rodri\AppData\Local\Programs\MiKTeX\tex/latex/babel-spanish\spanish.l
df
Language: spanish.ldf 2021/05/27 v5.0q Spanish support from the babel system
\es@quottoks=\toks26
\es@quotdepth=\count315
Package babel Info: Making " an active character on input line 570.
Package babel Info: Making . an active character on input line 675.
Package babel Info: Making < an active character on input line 722.
Package babel Info: Making > an active character on input line 722.
))
(C:\Users\rodri\AppData\Local\Programs\MiKTeX\tex/generic/babel/locale/es\babel
-spanish.tex
Package babel Info: Importing font and identification data for spanish
(babel)             from babel-es.ini. Reported on input line 11.
)
LaTeX Info: Redefining \. on input line 7.
LaTeX Info: Redefining \% on input line 7.

(C:\Users\rodri\AppData\Local\Programs\MiKTeX\tex/latex/base\inputenc.sty
Package: inputenc 2021/02/14 v1.3d Input encoding file
\inpenc@prehook=\toks27
\inpenc@posthook=\toks28
)
(C:\Users\rodri\AppData\Local\Programs\MiKTeX\tex/latex/base\fontenc.sty
Package: fontenc 2021/04/29 v2.0v Standard LaTeX package
)
(C:\Users\rodri\AppData\Local\Programs\MiKTeX\tex/latex/lm\lmodern.sty
Package: lmodern 2015/05/01 v1.6.1 Latin Modern Fonts
LaTeX Font Info:    Overwriting symbol font `operators' in version `normal'
(Font)                  OT1/cmr/m/n --> OT1/lmr/m/n on input line 22.
LaTeX Font Info:    Overwriting symbol font `letters' in version `normal'
(Font)                  OML/cmm/m/it --> OML/lmm/m/it on input line 23.
LaTeX Font Info:    Overwriting symbol font `symbols' in version `normal'
(Font)                  OMS/cmsy/m/n --> OMS/lmsy/m/n on input line 24.
LaTeX Font Info:    Overwriting symbol font `largesymbols' in version `normal'
(Font)                  OMX/cmex/m/n --> OMX/lmex/m/n on input line 25.
LaTeX Font Info:    Overwriting symbol font `operators' in version `bold'
(Font)                  OT1/cmr/bx/n --> OT1/lmr/bx/n on input line 26.
LaTeX Font Info:    Overwriting symbol font `letters' in version `bold'
(Font)                  OML/cmm/b/it --> OML/lmm/b/it on input line 27.
LaTeX Font Info:    Overwriting symbol font `symbols' in version `bold'
(Font)                  OMS/cmsy/b/n --> OMS/lmsy/b/n on input line 28.
LaTeX Font Info:    Overwriting symbol font `largesymbols' in version `bold'
(Font)                  OMX/cmex/m/n --> OMX/lmex/m/n on input line 29.
LaTeX Font Info:    Overwriting math alphabet `\mathbf' in version `normal'
(Font)                  OT1/cmr/bx/n --> OT1/lmr/bx/n on input line 31.
LaTeX Font Info:    Overwriting math alphabet `\mathsf' in version `normal'
(Font)                  OT1/cmss/m/n --> OT1/lmss/m/n on input line 32.
LaTeX Font Info:    Overwriting math alphabet `\mathit' in version `normal'
(Font)                  OT1/cmr/m/it --> OT1/lmr/m/it on input line 33.
LaTeX Font Info:    Overwriting math alphabet `\mathtt' in version `normal'
(Font)                  OT1/cmtt/m/n --> OT1/lmtt/m/n on input line 34.
LaTeX Font Info:    Overwriting math alphabet `\mathbf' in version `bold'
(Font)                  OT1/cmr/bx/n --> OT1/lmr/bx/n on input line 35.
LaTeX Font Info:    Overwriting math alphabet `\mathsf' in version `bold'
(Font)                  OT1/cmss/bx/n --> OT1/lmss/bx/n on input line 36.
LaTeX Font Info:    Overwriting math alphabet `\mathit' in version `bold'
(Font)                  OT1/cmr/bx/it --> OT1/lmr/bx/it on input line 37.
LaTeX Font Info:    Overwriting math alphabet `\mathtt' in version `bold'
(Font)                  OT1/cmtt/m/n --> OT1/lmtt/m/n on input line 38.
)
(C:\Users\rodri\AppData\Local\Programs\MiKTeX\tex/latex/microtype\microtype.sty
Package: microtype 2023/03/13 v3.1a Micro-typographical refinements (RS)
\MT@toks=\toks29
\MT@tempbox=\box57
\MT@count=\count316
LaTeX Info: Redefining \noprotrusionifhmode on input line 1059.
LaTeX Info: Redefining \leftprotrusion on input line 1060.
\MT@prot@toks=\toks30
LaTeX Info: Redefining \rightprotrusion on input line 1078.
LaTeX Info: Redefining \textls on input line 1368.
\MT@outer@kern=\dimen186
LaTeX Info: Redefining \textmicrotypecontext on input line 1988.
\MT@listname@count=\count317

(C:\Users\rodri\AppData\Local\Programs\MiKTeX\tex/latex/microtype\microtype-pdf
tex.def
File: microtype-pdftex.def 2023/03/13 v3.1a Definitions specific to pdftex (RS)

LaTeX Info: Redefining \lsstyle on input line 902.
LaTeX Info: Redefining \lslig on input line 902.
\MT@outer@space=\skip190
)
Package microtype Info: Loading configuration file microtype.cfg.

(C:\Users\rodri\AppData\Local\Programs\MiKTeX\tex/latex/microtype\microtype.cfg
File: microtype.cfg 2023/03/13 v3.1a microtype main configuration file (RS)
))
(C:\Users\rodri\AppData\Local\Programs\MiKTeX\tex/latex/placeins\placeins.sty
Package: placeins 2005/04/18  v 2.2
)
(C:\Users\rodri\AppData\Local\Programs\MiKTeX\tex/latex/float\float.sty
Package: float 2001/11/08 v1.3d Float enhancements (AL)
\c@float@type=\count318
\float@exts=\toks31
\float@box=\box58
\@float@everytoks=\toks32
\@floatcapt=\box59
)
(C:\Users\rodri\AppData\Local\Programs\MiKTeX\tex/latex/xcolor\xcolor.sty
Package: xcolor 2022/06/12 v2.14 LaTeX color extensions (UK)

(C:\Users\rodri\AppData\Local\Programs\MiKTeX\tex/latex/graphics-cfg\color.cfg
File: color.cfg 2016/01/02 v1.6 sample color configuration
)
Package xcolor Info: Driver file: pdftex.def on input line 227.

(C:\Users\rodri\AppData\Local\Programs\MiKTeX\tex/latex/graphics-def\pdftex.def
File: pdftex.def 2022/09/22 v1.2b Graphics/color driver for pdftex
) (C:\Users\rodri\AppData\Local\Programs\MiKTeX\tex/latex/colortbl\colortbl.sty
Package: colortbl 2022/06/20 v1.0f Color table columns (DPC)
\everycr=\toks33
\minrowclearance=\skip191
\rownum=\count319
)
(C:\Users\rodri\AppData\Local\Programs\MiKTeX\tex/latex/graphics\mathcolor.ltx)
Package xcolor Info: Model `cmy' substituted by `cmy0' on input line 1353.
Package xcolor Info: Model `hsb' substituted by `rgb' on input line 1357.
Package xcolor Info: Model `RGB' extended on input line 1369.
Package xcolor Info: Model `HTML' substituted by `rgb' on input line 1371.
Package xcolor Info: Model `Hsb' substituted by `hsb' on input line 1372.
Package xcolor Info: Model `tHsb' substituted by `hsb' on input line 1373.
Package xcolor Info: Model `HSB' substituted by `hsb' on input line 1374.
Package xcolor Info: Model `Gray' substituted by `gray' on input line 1375.
Package xcolor Info: Model `wave' substituted by `hsb' on input line 1376.
) (C:\Users\rodri\AppData\Local\Programs\MiKTeX\tex/latex/xtab\xtab.sty
Package: xtab 2011/07/31 v2.3f Extended supertabular package
\c@tracingst=\count320
\PWSTcapht=\dimen187
\ST@wd=\dimen188
\ST@rightskip=\skip192
\ST@leftskip=\skip193
\ST@parfillskip=\skip194
\c@PWSTtable=\count321
\PWSTlastpage=\count322
\PWSTpenultimate=\count323
\PWSTcurpage=\count324
\PWSTtempc=\count325
\PWSTlines=\count326
\PWST@lastht=\dimen189
\PWST@generalht=\dimen190
\PWST@ht=\dimen191
\ST@pageleft=\dimen192
\ST@headht=\dimen193
\ST@tailht=\dimen194
\ST@pagesofar=\dimen195
\ST@pboxht=\dimen196
\ST@lineht=\dimen197
\ST@stretchht=\dimen198
\ST@prevht=\dimen199
\ST@toadd=\dimen256
\ST@dimen=\dimen257
\ST@pbox=\box60
)
(C:\Users\rodri\AppData\Local\Programs\MiKTeX\tex/latex/multirow\multirow.sty
Package: multirow 2021/03/15 v2.8 Span multiple rows of a table
\multirow@colwidth=\skip195
\multirow@cntb=\count327
\multirow@dima=\skip196
\bigstrutjot=\dimen258
)
(C:\Users\rodri\AppData\Local\Programs\MiKTeX\tex/latex/hyperref\hyperref.sty
Package: hyperref 2023-10-27 v7.01d Hypertext links for LaTeX

(C:\Users\rodri\AppData\Local\Programs\MiKTeX\tex/generic/pdftexcmds\pdftexcmds
.sty
Package: pdftexcmds 2020-06-27 v0.33 Utility functions of pdfTeX for LuaTeX (HO
)
Package pdftexcmds Info: \pdf@primitive is available.
Package pdftexcmds Info: \pdf@ifprimitive is available.
Package pdftexcmds Info: \pdfdraftmode found.
)
(C:\Users\rodri\AppData\Local\Programs\MiKTeX\tex/generic/kvdefinekeys\kvdefine
keys.sty
Package: kvdefinekeys 2019-12-19 v1.6 Define keys (HO)
)
(C:\Users\rodri\AppData\Local\Programs\MiKTeX\tex/generic/pdfescape\pdfescape.s
ty
Package: pdfescape 2019/12/09 v1.15 Implements pdfTeX's escape features (HO)
) (C:\Users\rodri\AppData\Local\Programs\MiKTeX\tex/latex/hycolor\hycolor.sty
Package: hycolor 2020-01-27 v1.10 Color options for hyperref/bookmark (HO)
)
(C:\Users\rodri\AppData\Local\Programs\MiKTeX\tex/latex/letltxmacro\letltxmacro
.sty
Package: letltxmacro 2019/12/03 v1.6 Let assignment for LaTeX macros (HO)
)
(C:\Users\rodri\AppData\Local\Programs\MiKTeX\tex/latex/auxhook\auxhook.sty
Package: auxhook 2019-12-17 v1.6 Hooks for auxiliary files (HO)
)
\@linkdim=\dimen259
\Hy@linkcounter=\count328
\Hy@pagecounter=\count329

(C:\Users\rodri\AppData\Local\Programs\MiKTeX\tex/latex/hyperref\pd1enc.def
File: pd1enc.def 2023-10-27 v7.01d Hyperref: PDFDocEncoding definition (HO)
Now handling font encoding PD1 ...
... no UTF-8 mapping file for font encoding PD1
)
(C:\Users\rodri\AppData\Local\Programs\MiKTeX\tex/generic/intcalc\intcalc.sty
Package: intcalc 2019/12/15 v1.3 Expandable calculations with integers (HO)
)
\Hy@SavedSpaceFactor=\count330

(C:\Users\rodri\AppData\Local\Programs\MiKTeX\tex/latex/hyperref\puenc.def
File: puenc.def 2023-10-27 v7.01d Hyperref: PDF Unicode definition (HO)
Now handling font encoding PU ...
... no UTF-8 mapping file for font encoding PU
)
Package hyperref Info: Option `colorlinks' set `true' on input line 4051.
Package hyperref Info: Hyper figures OFF on input line 4168.
Package hyperref Info: Link nesting OFF on input line 4173.
Package hyperref Info: Hyper index ON on input line 4176.
Package hyperref Info: Plain pages OFF on input line 4183.
Package hyperref Info: Backreferencing OFF on input line 4188.
Package hyperref Info: Implicit mode ON; LaTeX internals redefined.
Package hyperref Info: Bookmarks ON on input line 4435.
\c@Hy@tempcnt=\count331

(C:\Users\rodri\AppData\Local\Programs\MiKTeX\tex/latex/url\url.sty
\Urlmuskip=\muskip16
Package: url 2013/09/16  ver 3.4  Verb mode for urls, etc.
)
LaTeX Info: Redefining \url on input line 4773.
\XeTeXLinkMargin=\dimen260

(C:\Users\rodri\AppData\Local\Programs\MiKTeX\tex/generic/bitset\bitset.sty
Package: bitset 2019/12/09 v1.3 Handle bit-vector datatype (HO)

(C:\Users\rodri\AppData\Local\Programs\MiKTeX\tex/generic/bigintcalc\bigintcalc
.sty
Package: bigintcalc 2019/12/15 v1.5 Expandable calculations on big integers (HO
)
))
\Fld@menulength=\count332
\Field@Width=\dimen261
\Fld@charsize=\dimen262
Package hyperref Info: Hyper figures OFF on input line 6052.
Package hyperref Info: Link nesting OFF on input line 6057.
Package hyperref Info: Hyper index ON on input line 6060.
Package hyperref Info: backreferencing OFF on input line 6067.
Package hyperref Info: Link coloring ON on input line 6070.
Package hyperref Info: Link coloring with OCG OFF on input line 6077.
Package hyperref Info: PDF/A mode OFF on input line 6082.

(C:\Users\rodri\AppData\Local\Programs\MiKTeX\tex/latex/base\atbegshi-ltx.sty
Package: atbegshi-ltx 2021/01/10 v1.0c Emulation of the original atbegshi
package with kernel methods
)
\Hy@abspage=\count333
\c@Item=\count334
\c@Hfootnote=\count335
)
Package hyperref Info: Driver (autodetected): hpdftex.
(C:\Users\rodri\AppData\Local\Programs\MiKTeX\tex/latex/hyperref\hpdftex.def
File: hpdftex.def 2023-10-27 v7.01d Hyperref driver for pdfTeX

(C:\Users\rodri\AppData\Local\Programs\MiKTeX\tex/latex/base\atveryend-ltx.sty
Package: atveryend-ltx 2020/08/19 v1.0a Emulation of the original atveryend pac
kage
with kernel methods
)
\Fld@listcount=\count336
\c@bookmark@seq@number=\count337

(C:\Users\rodri\AppData\Local\Programs\MiKTeX\tex/latex/rerunfilecheck\rerunfil
echeck.sty
Package: rerunfilecheck 2022-07-10 v1.10 Rerun checks for auxiliary files (HO)

(C:\Users\rodri\AppData\Local\Programs\MiKTeX\tex/generic/uniquecounter\uniquec
ounter.sty
Package: uniquecounter 2019/12/15 v1.4 Provide unlimited unique counter (HO)
)
Package uniquecounter Info: New unique counter `rerunfilecheck' on input line 2
85.
)
\Hy@SectionHShift=\skip197
)
(C:\Users\rodri\AppData\Local\Programs\MiKTeX\tex/latex/memoir\memhfixc.sty
Package: memhfixc 2023/07/28 v1.21 hyperref package fixes for memoir class
\c@memhycontfloat=\count338
\c@Hpagenote=\count339
)
(C:\Users\rodri\AppData\Local\Programs\MiKTeX\tex/latex/amsmath\amsmath.sty
Package: amsmath 2023/05/13 v2.17o AMS math features
\@mathmargin=\skip198

For additional information on amsmath, use the `?' option.
(C:\Users\rodri\AppData\Local\Programs\MiKTeX\tex/latex/amsmath\amstext.sty
Package: amstext 2021/08/26 v2.01 AMS text

(C:\Users\rodri\AppData\Local\Programs\MiKTeX\tex/latex/amsmath\amsgen.sty
File: amsgen.sty 1999/11/30 v2.0 generic functions
\@emptytoks=\toks34
\ex@=\dimen263
))
(C:\Users\rodri\AppData\Local\Programs\MiKTeX\tex/latex/amsmath\amsbsy.sty
Package: amsbsy 1999/11/29 v1.2d Bold Symbols
\pmbraise@=\dimen264
)
(C:\Users\rodri\AppData\Local\Programs\MiKTeX\tex/latex/amsmath\amsopn.sty
Package: amsopn 2022/04/08 v2.04 operator names
)
\inf@bad=\count340
LaTeX Info: Redefining \frac on input line 234.
\uproot@=\count341
\leftroot@=\count342
LaTeX Info: Redefining \overline on input line 399.
LaTeX Info: Redefining \colon on input line 410.
\classnum@=\count343
\DOTSCASE@=\count344
LaTeX Info: Redefining \ldots on input line 496.
LaTeX Info: Redefining \dots on input line 499.
LaTeX Info: Redefining \cdots on input line 620.
\Mathstrutbox@=\box61
\strutbox@=\box62
LaTeX Info: Redefining \big on input line 722.
LaTeX Info: Redefining \Big on input line 723.
LaTeX Info: Redefining \bigg on input line 724.
LaTeX Info: Redefining \Bigg on input line 725.
\big@size=\dimen265
LaTeX Font Info:    Redeclaring font encoding OML on input line 743.
LaTeX Font Info:    Redeclaring font encoding OMS on input line 744.
\macc@depth=\count345
LaTeX Info: Redefining \bmod on input line 905.
LaTeX Info: Redefining \pmod on input line 910.
LaTeX Info: Redefining \smash on input line 940.
LaTeX Info: Redefining \relbar on input line 970.
LaTeX Info: Redefining \Relbar on input line 971.
\c@MaxMatrixCols=\count346
\dotsspace@=\muskip17
\c@parentequation=\count347
\dspbrk@lvl=\count348
\tag@help=\toks35
\row@=\count349
\column@=\count350
\maxfields@=\count351
\andhelp@=\toks36
\eqnshift@=\dimen266
\alignsep@=\dimen267
\tagshift@=\dimen268
\tagwidth@=\dimen269
\totwidth@=\dimen270
\lineht@=\dimen271
\@envbody=\toks37
\multlinegap=\skip199
\multlinetaggap=\skip256
\mathdisplay@stack=\toks38
LaTeX Info: Redefining \[ on input line 2953.
LaTeX Info: Redefining \] on input line 2954.
)
(C:\Users\rodri\AppData\Local\Programs\MiKTeX\tex/latex/natbib\natbib.sty
Package: natbib 2010/09/13 8.31b (PWD, AO)
\bibhang=\skip257
\bibsep=\skip258
LaTeX Info: Redefining \cite on input line 694.
\c@NAT@ctr=\count352
)
(C:\Users\rodri\AppData\Local\Programs\MiKTeX\tex/latex/graphics\graphicx.sty
Package: graphicx 2021/09/16 v1.2d Enhanced LaTeX Graphics (DPC,SPQR)

(C:\Users\rodri\AppData\Local\Programs\MiKTeX\tex/latex/graphics\graphics.sty
Package: graphics 2022/03/10 v1.4e Standard LaTeX Graphics (DPC,SPQR)

(C:\Users\rodri\AppData\Local\Programs\MiKTeX\tex/latex/graphics\trig.sty
Package: trig 2021/08/11 v1.11 sin cos tan (DPC)
)
(C:\Users\rodri\AppData\Local\Programs\MiKTeX\tex/latex/graphics-cfg\graphics.c
fg
File: graphics.cfg 2016/06/04 v1.11 sample graphics configuration
)
Package graphics Info: Driver file: pdftex.def on input line 107.
)
\Gin@req@height=\dimen272
\Gin@req@width=\dimen273
)
LaTeX Font Info:    Trying to load font information for T1+lmr on input line 41
3.
 (C:\Users\rodri\AppData\Local\Programs\MiKTeX\tex/latex/lm\t1lmr.fd
File: t1lmr.fd 2015/05/01 v1.6.1 Font defs for Latin Modern
)
(memoria.aux
LaTeX Info: Redefining \. on input line 12.
LaTeX Info: Redefining \% on input line 12.
LaTeX Info: Redefining \. on input line 13.
LaTeX Info: Redefining \% on input line 13.
 (tex/1_Introduccion.aux) (tex/2_Objetivos_del_proyecto.aux)
(tex/3_Conceptos_teoricos.aux) (tex/4_Tecnicas_y_herramientas.aux

LaTeX Warning: Label `editor_texto' multiply defined.

) (tex/5_Aspectos_relevantes_del_desarrollo_del_proyecto.aux

LaTeX Warning: Label `inicio-del-proyecto' multiply defined.


LaTeX Warning: Label `noticias' multiply defined.

) (tex/6_Trabajos_relacionados.aux)
(tex/7_Conclusiones_Lineas_de_trabajo_futuras.aux))
\openout1 = `memoria.aux'.

LaTeX Font Info:    Checking defaults for OML/cmm/m/it on input line 413.
LaTeX Font Info:    ... okay on input line 413.
LaTeX Font Info:    Checking defaults for OMS/cmsy/m/n on input line 413.
LaTeX Font Info:    ... okay on input line 413.
LaTeX Font Info:    Checking defaults for OT1/cmr/m/n on input line 413.
LaTeX Font Info:    ... okay on input line 413.
LaTeX Font Info:    Checking defaults for T1/cmr/m/n on input line 413.
LaTeX Font Info:    ... okay on input line 413.
LaTeX Font Info:    Checking defaults for TS1/cmr/m/n on input line 413.
LaTeX Font Info:    ... okay on input line 413.
LaTeX Font Info:    Checking defaults for OMX/cmex/m/n on input line 413.
LaTeX Font Info:    ... okay on input line 413.
LaTeX Font Info:    Checking defaults for U/cmr/m/n on input line 413.
LaTeX Font Info:    ... okay on input line 413.
LaTeX Font Info:    Checking defaults for PD1/pdf/m/n on input line 413.
LaTeX Font Info:    ... okay on input line 413.
LaTeX Font Info:    Checking defaults for PU/pdf/m/n on input line 413.
LaTeX Font Info:    ... okay on input line 413.
LaTeX Info: Redefining \. on input line 413.
LaTeX Info: Redefining \% on input line 413.
LaTeX Info: Redefining \microtypecontext on input line 413.
Package microtype Info: Applying patch `item' on input line 413.
Package microtype Info: Applying patch `toc' on input line 413.
Package microtype Info: Applying patch `eqnum' on input line 413.
Package microtype Info: Applying patch `footnote' on input line 413.
Package microtype Info: Applying patch `verbatim' on input line 413.
Package microtype Info: Generating PDF output.
Package microtype Info: Character protrusion enabled (level 2).
Package microtype Info: Using default protrusion set `alltext'.
Package microtype Info: Automatic font expansion enabled (level 2),
(microtype)             stretch: 20, shrink: 20, step: 1, non-selected.
Package microtype Info: Using default expansion set `alltext-nott'.
LaTeX Info: Redefining \showhyphens on input line 413.
Package microtype Info: No adjustment of tracking.
Package microtype Info: No adjustment of interword spacing.
Package microtype Info: No adjustment of character kerning.

(C:\Users\rodri\AppData\Local\Programs\MiKTeX\tex/latex/microtype\mt-cmr.cfg
File: mt-cmr.cfg 2013/05/19 v2.2 microtype config. file: Computer Modern Roman 
(RS)
)
(C:\Users\rodri\AppData\Local\Programs\MiKTeX\tex/context/base/mkii\supp-pdf.mk
ii
[Loading MPS to PDF converter (version 2006.09.02).]
\scratchcounter=\count353
\scratchdimen=\dimen274
\scratchbox=\box63
\nofMPsegments=\count354
\nofMParguments=\count355
\everyMPshowfont=\toks39
\MPscratchCnt=\count356
\MPscratchDim=\dimen275
\MPnumerator=\count357
\makeMPintoPDFobject=\count358
\everyMPtoPDFconversion=\toks40
)
(C:\Users\rodri\AppData\Local\Programs\MiKTeX\tex/latex/epstopdf-pkg\epstopdf-b
ase.sty
Package: epstopdf-base 2020-01-24 v2.11 Base part for package epstopdf
Package epstopdf-base Info: Redefining graphics rule for `.eps' on input line 4
85.

(C:\Users\rodri\AppData\Local\Programs\MiKTeX\tex/latex/00miktex\epstopdf-sys.c
fg
File: epstopdf-sys.cfg 2021/03/18 v2.0 Configuration of epstopdf for MiKTeX
))
Package hyperref Info: Link coloring ON on input line 413.
 (memoria.out) (memoria.out)
\@outlinefile=\write4
\openout4 = `memoria.out'.

<./img/cabecera.pdf, id=199, 617.67549pt x 135.51413pt>
File: ./img/cabecera.pdf Graphic file (type pdf)
<use ./img/cabecera.pdf>
Package pdftex.def Info: ./img/cabecera.pdf  used on input line 415.
(pdftex.def)             Requested size: 383.0pt x 84.02823pt.
LaTeX Font Info:    Trying to load font information for OT1+lmr on input line 4
15.

(C:\Users\rodri\AppData\Local\Programs\MiKTeX\tex/latex/lm\ot1lmr.fd
File: ot1lmr.fd 2015/05/01 v1.6.1 Font defs for Latin Modern
)
LaTeX Font Info:    Trying to load font information for OML+lmm on input line 4
15.

(C:\Users\rodri\AppData\Local\Programs\MiKTeX\tex/latex/lm\omllmm.fd
File: omllmm.fd 2015/05/01 v1.6.1 Font defs for Latin Modern
)
LaTeX Font Info:    Trying to load font information for OMS+lmsy on input line 
415.

(C:\Users\rodri\AppData\Local\Programs\MiKTeX\tex/latex/lm\omslmsy.fd
File: omslmsy.fd 2015/05/01 v1.6.1 Font defs for Latin Modern
)
LaTeX Font Info:    Trying to load font information for OMX+lmex on input line 
415.

(C:\Users\rodri\AppData\Local\Programs\MiKTeX\tex/latex/lm\omxlmex.fd
File: omxlmex.fd 2015/05/01 v1.6.1 Font defs for Latin Modern
)
LaTeX Font Info:    External font `lmex10' loaded for size
(Font)              <12> on input line 415.
LaTeX Font Info:    External font `lmex10' loaded for size
(Font)              <8> on input line 415.
LaTeX Font Info:    External font `lmex10' loaded for size
(Font)              <6> on input line 415.
<./img/escudoInfor.pdf, id=200, 618.11432pt x 737.07487pt>
File: ./img/escudoInfor.pdf Graphic file (type pdf)
<use ./img/escudoInfor.pdf>
Package pdftex.def Info: ./img/escudoInfor.pdf  used on input line 415.
(pdftex.def)             Requested size: 76.59883pt x 91.3356pt.

Overfull \hbox (27.54143pt too wide) in paragraph at lines 415--415
[][][][][][][] $[]$ 
 []

[1

{C:/Users/rodri/AppData/Local/MiKTeX/fonts/map/pdftex/pdftex.map}{C:/Users/rodr
i/AppData/Local/Programs/MiKTeX/fonts/enc/dvips/lm/lm-ec.enc} <./img/cabecera.p
df> <./img/escudoInfor.pdf

pdfTeX warning: pdflatex (file ./img/escudoInfor.pdf): PDF inclusion: multiple 
pdfs with page group included in a single page
>] [2

]
File: ./img/cabecera.pdf Graphic file (type pdf)
<use ./img/cabecera.pdf>
Package pdftex.def Info: ./img/cabecera.pdf  used on input line 425.
(pdftex.def)             Requested size: 383.0pt x 84.02823pt.
LaTeX Font Info:    Trying to load font information for TS1+lmr on input line 4
44.
 (C:\Users\rodri\AppData\Local\Programs\MiKTeX\tex/latex/lm\ts1lmr.fd
File: ts1lmr.fd 2015/05/01 v1.6.1 Font defs for Latin Modern
)
[3{C:/Users/rodri/AppData/Local/Programs/MiKTeX/fonts/enc/dvips/lm/lm-ts1.enc}]
[4]
LaTeX Font Info:    Trying to load font information for T1+lmtt on input line 4
97.
 (C:\Users\rodri\AppData\Local\Programs\MiKTeX\tex/latex/lm\t1lmtt.fd
File: t1lmtt.fd 2015/05/01 v1.6.1 Font defs for Latin Modern
)
Package microtype Info: Loading generic protrusion settings for font family
(microtype)             `lmtt' (encoding: T1).
(microtype)             For optimal results, create family-specific settings.
(microtype)             See the microtype manual for details.
LaTeX Font Info:    External font `lmex10' loaded for size
(Font)              <10.95> on input line 497.
Package microtype Info: Character `029' is missing
(microtype)             in font `T1/lmr/m/sc/12'.
(microtype)             Ignoring protrusion settings for this character.

[1

] [2

]
LaTeX Font Info:    Trying to load font information for T1+lmss on input line 5
41.
 (C:\Users\rodri\AppData\Local\Programs\MiKTeX\tex/latex/lm\t1lmss.fd
File: t1lmss.fd 2015/05/01 v1.6.1 Font defs for Latin Modern
)
Package microtype Info: Loading generic protrusion settings for font family
(microtype)             `lmss' (encoding: T1).
(microtype)             For optimal results, create family-specific settings.
(microtype)             See the microtype manual for details.

(memoria.toc
LaTeX Info: Redefining \. on input line 1.
LaTeX Info: Redefining \% on input line 1.
LaTeX Info: Redefining \. on input line 2.
LaTeX Info: Redefining \% on input line 2.


LaTeX Font Warning: Font shape `T1/lmr/bx/sc' undefined
(Font)              using `T1/lmr/bx/n' instead on input line 3.

[3

])
LaTeX Info: Redefining \. on input line 542.
LaTeX Info: Redefining \% on input line 542.


Class memoir Warning: The material used in the headers is too large
(15.35403pt) for the given head height (14.5pt), it is recommended to
either increase the head height or redesign the header
(in both cases you will find help in the memoir manual). on input line 542.


Overfull \vbox (0.85403pt too high) has occurred while \output is active []


[4] (memoria.lof
LaTeX Info: Redefining \. on input line 1.
LaTeX Info: Redefining \% on input line 1.
LaTeX Info: Redefining \. on input line 2.
LaTeX Info: Redefining \% on input line 2.
 [5

])
LaTeX Info: Redefining \. on input line 546.
LaTeX Info: Redefining \% on input line 546.

Overfull \vbox (0.85403pt too high) has occurred while \output is active []


[6] (memoria.lot
LaTeX Info: Redefining \. on input line 1.
LaTeX Info: Redefining \% on input line 1.
LaTeX Info: Redefining \. on input line 2.
LaTeX Info: Redefining \% on input line 2.
) [7

]
\openout2 = `./tex/1_Introduccion.aux'.

 (tex/1_Introduccion.tex

Package hyperref Warning: Token not allowed in a PDF string (Unicode):
(hyperref)                \hskip 5.87491pt
(hyperref)                replaced by space on input line 1.


pdfTeX warning (ext4): destination with the same identifier (name{page.1}) has 
been already used, duplicate ignored
<to be read again> 
                   \relax 
l.33 
      [1




]
LaTeX Info: Redefining \. on input line 88.
LaTeX Info: Redefining \% on input line 88.

pdfTeX warning (ext4): destination with the same identifier (name{page.2}) has 
been already used, duplicate ignored
<to be read again> 
                   \relax 
l.88 \end{itemize}
                   [2])
LaTeX Info: Redefining \. on input line 552.
LaTeX Info: Redefining \% on input line 552.

pdfTeX warning (ext4): destination with the same identifier (name{page.3}) has 
been already used, duplicate ignored
<to be read again> 
                   \relax 
l.552 \include{./tex/1_Introduccion}
                                     [3]
\openout2 = `./tex/2_Objetivos_del_proyecto.aux'.

 (tex/2_Objetivos_del_proyecto.tex

Package hyperref Warning: Token not allowed in a PDF string (Unicode):
(hyperref)                \hskip 5.87491pt
(hyperref)                replaced by space on input line 1.


pdfTeX warning (ext4): destination with the same identifier (name{page.4}) has 
been already used, duplicate ignored
<to be read again> 
                   \relax 
l.44 A
      plicar la arquitectura MVC (\emph{Model-View-Controler}), m√°s conocid...
[4




])
LaTeX Info: Redefining \. on input line 553.
LaTeX Info: Redefining \% on input line 553.
 [5]
\openout2 = `./tex/3_Conceptos_teoricos.aux'.

 (tex/3_Conceptos_teoricos.tex

Package hyperref Warning: Token not allowed in a PDF string (Unicode):
(hyperref)                \hskip 5.87491pt
(hyperref)                replaced by space on input line 1.

[6




]
LaTeX Font Info:    External font `lmex10' loaded for size
(Font)              <10> on input line 23.
LaTeX Font Info:    External font `lmex10' loaded for size
(Font)              <7> on input line 23.
LaTeX Font Info:    External font `lmex10' loaded for size
(Font)              <5> on input line 23.
<./img/img_01_distribuci√≥n_retornos.png, id=800, 770.12718pt x 589.4522pt>
File: ./img/img_01_distribuci√≥n_retornos.png Graphic file (type png)
<use ./img/img_01_distribuci√≥n_retornos.png>
Package pdftex.def Info: ./img/img_01_distribuci√≥n_retornos.png  used on input
 line 33.
(pdftex.def)             Requested size: 306.40117pt x 234.5175pt.
LaTeX Info: Redefining \. on input line 37.
LaTeX Info: Redefining \% on input line 37.
 [7{C:/Users/rodri/AppData/Local/Programs/MiKTeX/fonts/enc/dvips/lm/lm-mathit.e
nc}{C:/Users/rodri/AppData/Local/Programs/MiKTeX/fonts/enc/dvips/lm/lm-rm.enc}{
C:/Users/rodri/AppData/Local/Programs/MiKTeX/fonts/enc/dvips/lm/lm-mathsy.enc} 
<./img/img_01_distribuci√≥n_retornos.png>]
LaTeX Info: Redefining \. on input line 79.
LaTeX Info: Redefining \% on input line 79.
 [8]
LaTeX Info: Redefining \. on input line 114.
LaTeX Info: Redefining \% on input line 114.
 [9{C:/Users/rodri/AppData/Local/Programs/MiKTeX/fonts/enc/dvips/lm/lm-mathex.e
nc}]
LaTeX Info: Redefining \. on input line 154.
LaTeX Info: Redefining \% on input line 154.
 [10]
LaTeX Info: Redefining \. on input line 186.
LaTeX Info: Redefining \% on input line 186.
 [11]
<./img/img_02_simulaci√≥n_montecarlo.png, id=875, 526.96875pt x 376.40625pt>
File: ./img/img_02_simulaci√≥n_montecarlo.png Graphic file (type png)
<use ./img/img_02_simulaci√≥n_montecarlo.png>
Package pdftex.def Info: ./img/img_02_simulaci√≥n_montecarlo.png  used on input
 line 198.
(pdftex.def)             Requested size: 383.0pt x 273.58536pt.


LaTeX Warning: `!h' float specifier changed to `!ht'.

LaTeX Info: Redefining \. on input line 198.
LaTeX Info: Redefining \% on input line 198.
[12]
LaTeX Info: Redefining \. on input line 210.
LaTeX Info: Redefining \% on input line 210.
 [13 <./img/img_02_simulaci√≥n_montecarlo.png>]
LaTeX Info: Redefining \. on input line 243.
LaTeX Info: Redefining \% on input line 243.
 [14]
Underfull \hbox (badness 10000) in paragraph at lines 257--257
[][] [][][]\T1/lmr/m/n/10 (+20) En es-te pro-yec-to se pue-de ver cÛ-mo se apli
-ca \T1/lmtt/m/n/10 minimize() \T1/lmr/m/n/10 (+20) en
 []


Underfull \hbox (badness 10000) in paragraph at lines 257--257
\T1/lmtt/m/n/10 DashBoard.views._frontera_eficiente_por_optimizacion() \T1/lmr/
m/n/10 (+20) co-mo un pro-ble-
 []

<./img/img_03_frontera_eficiente.png, id=912, 249.93375pt x 250.68657pt>
File: ./img/img_03_frontera_eficiente.png Graphic file (type png)
<use ./img/img_03_frontera_eficiente.png>
Package pdftex.def Info: ./img/img_03_frontera_eficiente.png  used on input lin
e 266.
(pdftex.def)             Requested size: 172.34883pt x 172.87445pt.

LaTeX Warning: `!h' float specifier changed to `!ht'.

LaTeX Info: Redefining \. on input line 266.
LaTeX Info: Redefining \% on input line 266.
[15]
<./img/img_04_montecarlo_frontera_eficiente.png, id=923, 526.96875pt x 349.305p
t>
File: ./img/img_04_montecarlo_frontera_eficiente.png Graphic file (type png)
<use ./img/img_04_montecarlo_frontera_eficiente.png>
Package pdftex.def Info: ./img/img_04_montecarlo_frontera_eficiente.png  used o
n input line 270.
(pdftex.def)             Requested size: 363.84883pt x 241.19125pt.
LaTeX Info: Redefining \. on input line 273.
LaTeX Info: Redefining \% on input line 273.
 [16 <./img/img_03_frontera_eficiente.png> <./img/img_04_montecarlo_frontera_ef
iciente.png>]
Underfull \hbox (badness 10000) in paragraph at lines 287--287
[][] [][][]\T1/lmr/m/n/10 (+20) En es-te tra-ba-jo se pue-de ver cÛ-mo se op-ti
-mi-za en
 []

LaTeX Info: Redefining \. on input line 289.
LaTeX Info: Redefining \% on input line 289.
[17]
<./img/img_05_sharpe_ratio.png, id=943, 513.41812pt x 590.95781pt>
File: ./img/img_05_sharpe_ratio.png Graphic file (type png)
<use ./img/img_05_sharpe_ratio.png>
Package pdftex.def Info: ./img/img_05_sharpe_ratio.png  used on input line 291.

(pdftex.def)             Requested size: 363.84883pt x 418.8075pt.
LaTeX Info: Redefining \. on input line 298.
LaTeX Info: Redefining \% on input line 298.
 [18 <./img/img_05_sharpe_ratio.png>]
LaTeX Font Info:    External font `lmex10' loaded for size
(Font)              <14.4> on input line 302.
LaTeX Info: Redefining \. on input line 322.
LaTeX Info: Redefining \% on input line 322.
 [19]
LaTeX Info: Redefining \. on input line 369.
LaTeX Info: Redefining \% on input line 369.
 [20]
<./img/img_06_diferenciacion.png, id=969, 505.89pt x 361.35pt>
File: ./img/img_06_diferenciacion.png Graphic file (type png)
<use ./img/img_06_diferenciacion.png>
Package pdftex.def Info: ./img/img_06_diferenciacion.png  used on input line 38
6.
(pdftex.def)             Requested size: 344.69766pt x 246.2165pt.


LaTeX Warning: `!h' float specifier changed to `!ht'.

LaTeX Info: Redefining \. on input line 386.
LaTeX Info: Redefining \% on input line 386.
[21]
<./img/img_07_serie_no_estacionaria.png, id=978, 505.89pt x 361.35pt>
File: ./img/img_07_serie_no_estacionaria.png Graphic file (type png)
<use ./img/img_07_serie_no_estacionaria.png>
Package pdftex.def Info: ./img/img_07_serie_no_estacionaria.png  used on input 
line 392.
(pdftex.def)             Requested size: 325.55234pt x 232.5424pt.


LaTeX Warning: `!h' float specifier changed to `!ht'.

LaTeX Info: Redefining \. on input line 392.
LaTeX Info: Redefining \% on input line 392.
[22 <./img/img_06_diferenciacion.png>]
<./img/img_08_serie_no_estacionaria.png, id=984, 505.89pt x 361.35pt>
File: ./img/img_08_serie_no_estacionaria.png Graphic file (type png)
<use ./img/img_08_serie_no_estacionaria.png>
Package pdftex.def Info: ./img/img_08_serie_no_estacionaria.png  used on input 
line 394.
(pdftex.def)             Requested size: 325.55234pt x 232.5424pt.
LaTeX Info: Redefining \. on input line 398.
LaTeX Info: Redefining \% on input line 398.
 [23 <./img/img_07_serie_no_estacionaria.png> <./img/img_08_serie_no_estacionar
ia.png>]
LaTeX Info: Redefining \. on input line 423.
LaTeX Info: Redefining \% on input line 423.
 [24]
<./img/img_09_p_value_test_adf.png, id=1004, 505.89pt x 361.35pt>
File: ./img/img_09_p_value_test_adf.png Graphic file (type png)
<use ./img/img_09_p_value_test_adf.png>
Package pdftex.def Info: ./img/img_09_p_value_test_adf.png  used on input line 
437.
(pdftex.def)             Requested size: 383.0pt x 273.57573pt.


LaTeX Warning: `!h' float specifier changed to `!ht'.

LaTeX Info: Redefining \. on input line 437.
LaTeX Info: Redefining \% on input line 437.
[25]
<./img/img_10_p_value_test_adf.png, id=1011, 505.89pt x 361.35pt>
File: ./img/img_10_p_value_test_adf.png Graphic file (type png)
<use ./img/img_10_p_value_test_adf.png>
Package pdftex.def Info: ./img/img_10_p_value_test_adf.png  used on input line 
443.
(pdftex.def)             Requested size: 344.69766pt x 246.2165pt.


LaTeX Warning: `!h' float specifier changed to `!ht'.

LaTeX Info: Redefining \. on input line 443.
LaTeX Info: Redefining \% on input line 443.
[26 <./img/img_09_p_value_test_adf.png>]
<./img/img_11_p_value_test_adf.png, id=1019, 505.89pt x 361.35pt>
File: ./img/img_11_p_value_test_adf.png Graphic file (type png)
<use ./img/img_11_p_value_test_adf.png>
Package pdftex.def Info: ./img/img_11_p_value_test_adf.png  used on input line 
445.
(pdftex.def)             Requested size: 344.69766pt x 246.2165pt.
LaTeX Info: Redefining \. on input line 451.
LaTeX Info: Redefining \% on input line 451.
 [27 <./img/img_10_p_value_test_adf.png> <./img/img_11_p_value_test_adf.png>]

LaTeX Warning: Command \' invalid in math mode on input line 469.

LaTeX Info: Redefining \. on input line 485.
LaTeX Info: Redefining \% on input line 485.
[28]
<./img/img_12_acf.png, id=1037, 724.1454pt x 361.35pt>
File: ./img/img_12_acf.png Graphic file (type png)
<use ./img/img_12_acf.png>
Package pdftex.def Info: ./img/img_12_acf.png  used on input line 486.
(pdftex.def)             Requested size: 383.0pt x 191.1176pt.
<./img/img_13_pacf.png, id=1038, 724.1454pt x 361.35pt>
File: ./img/img_13_pacf.png Graphic file (type png)
<use ./img/img_13_pacf.png>
Package pdftex.def Info: ./img/img_13_pacf.png  used on input line 497.
(pdftex.def)             Requested size: 383.0pt x 191.1176pt.
LaTeX Info: Redefining \. on input line 497.
LaTeX Info: Redefining \% on input line 497.
 [29 <./img/img_12_acf.png>]
LaTeX Info: Redefining \. on input line 526.
LaTeX Info: Redefining \% on input line 526.
 [30 <./img/img_13_pacf.png>]
<./img/img_14_arima_sin_walk_forward.png, id=1053, 1123.19624pt x 378.66469pt>
File: ./img/img_14_arima_sin_walk_forward.png Graphic file (type png)
<use ./img/img_14_arima_sin_walk_forward.png>
Package pdftex.def Info: ./img/img_14_arima_sin_walk_forward.png  used on input
 line 550.
(pdftex.def)             Requested size: 383.0pt x 129.11984pt.


LaTeX Warning: `!h' float specifier changed to `!ht'.

LaTeX Info: Redefining \. on input line 550.
LaTeX Info: Redefining \% on input line 550.
[31]
<./img/img_15_arima_con_walk_forward.png, id=1063, 1117.17375pt x 359.09157pt>
File: ./img/img_15_arima_con_walk_forward.png Graphic file (type png)
<use ./img/img_15_arima_con_walk_forward.png>
Package pdftex.def Info: ./img/img_15_arima_con_walk_forward.png  used on input
 line 554.
(pdftex.def)             Requested size: 383.0pt x 123.10866pt.
LaTeX Info: Redefining \. on input line 564.
LaTeX Info: Redefining \% on input line 564.
 [32 <./img/img_14_arima_sin_walk_forward.png> <./img/img_15_arima_con_walk_for
ward.png>]
Underfull \hbox (badness 10000) in alignment at lines 582--582
[][][][][][] 
 []

LaTeX Info: Redefining \. on input line 583.
LaTeX Info: Redefining \% on input line 583.
[33]
LaTeX Font Info:    Trying to load font information for TS1+lmtt on input line 
612.
 (C:\Users\rodri\AppData\Local\Programs\MiKTeX\tex/latex/lm\ts1lmtt.fd
File: ts1lmtt.fd 2015/05/01 v1.6.1 Font defs for Latin Modern
)
Package microtype Info: Loading generic protrusion settings for font family
(microtype)             `lmtt' (encoding: TS1).
(microtype)             For optimal results, create family-specific settings.
(microtype)             See the microtype manual for details.
Package microtype Info: Character `texttrademark ' is missing
(microtype)             in font `TS1/lmtt/m/n/12'.
(microtype)             Ignoring protrusion settings for this character.
LaTeX Info: Redefining \. on input line 614.
LaTeX Info: Redefining \% on input line 614.

[34]
Overfull \hbox (18.3752pt too wide) in paragraph at lines 617--617
[]  \T1/lmtt/m/n/12 df["retorno_algoritmo"] = df["invertido"] * df["retorno_shi
ft"][] 
 []


Overfull \hbox (23.35733pt too wide) in paragraph at lines 649--649
[][] [][][]\T1/lmr/m/n/10 (-20) Se pue-de ver m·s in-for-ma-ciÛn en \T1/lmtt/m/
n/10 Lab.views._algoritmo_cruce_medias_automaticas()| 
 []

LaTeX Info: Redefining \. on input line 652.
LaTeX Info: Redefining \% on input line 652.
[35]
Underfull \hbox (badness 10000) in paragraph at lines 683--683
[]|\T1/lmr/m/n/12 (+20) Microsoft
 []


Underfull \hbox (badness 10000) in paragraph at lines 683--683
[]|\T1/lmr/m/n/12 (+20) Inditex
 []


Underfull \hbox (badness 10000) in paragraph at lines 683--683
[]|\T1/lmr/m/n/12 (+20) SHELL
 []


Underfull \hbox (badness 10000) in paragraph at lines 683--683
[]|\T1/lmr/m/n/12 (+20) Iberdrola
 []


Underfull \hbox (badness 10000) in paragraph at lines 683--683
[]|\T1/lmr/m/n/12 (+20) AstraZeneca
 []


Underfull \hbox (badness 10000) in paragraph at lines 683--683
[]|\T1/lmr/m/n/12 (+20) Siemens AG
 []


Underfull \hbox (badness 10000) in paragraph at lines 683--683
[]|\T1/lmr/m/n/12 (+20) United Health
 []


Underfull \hbox (badness 10000) in paragraph at lines 683--683
[]|\T1/lmr/m/n/12 (+20) Banco San-tan-
 []


Underfull \hbox (badness 10000) in paragraph at lines 683--683
[]|\T1/lmr/m/n/12 (+20) HSBC (HS-
 []


Underfull \hbox (badness 10000) in paragraph at lines 683--683
[]|\T1/lmr/m/n/12 (+20) Allianz
 []


Underfull \hbox (badness 10000) in paragraph at lines 683--683
[]|\T1/lmr/m/n/12 (+20) Johnson and
 []


Underfull \hbox (badness 10000) in paragraph at lines 683--683
[]|\T1/lmr/m/n/12 (+20) BBVA (BB-
 []


Underfull \hbox (badness 10000) in paragraph at lines 683--683
[]|\T1/lmr/m/n/12 (+20) Unilever
 []


Underfull \hbox (badness 10000) in paragraph at lines 683--683
[]|\T1/lmr/m/n/12 (+20) Airbus
 []


Underfull \hbox (badness 10000) in paragraph at lines 683--683
[]|\T1/lmr/m/n/12 (+20) Caixabank
 []


Underfull \hbox (badness 7685) in paragraph at lines 683--683
[]|\T1/lmr/m/n/12 (+20) Deutsche Te-le-
 []

LaTeX Info: Redefining \. on input line 683.
LaTeX Info: Redefining \% on input line 683.
[36]
LaTeX Info: Redefining \. on input line 703.
LaTeX Info: Redefining \% on input line 703.
 [37]
<./img/img_17_xtrain_ytrain_ml.png, id=1113, 429.85594pt x 126.4725pt>
File: ./img/img_17_xtrain_ytrain_ml.png Graphic file (type png)
<use ./img/img_17_xtrain_ytrain_ml.png>
Package pdftex.def Info: ./img/img_17_xtrain_ytrain_ml.png  used on input line 
706.
(pdftex.def)             Requested size: 344.69766pt x 101.41936pt.
LaTeX Info: Redefining \. on input line 723.
LaTeX Info: Redefining \% on input line 723.
 [38 <./img/img_17_xtrain_ytrain_ml.png>]
Overfull \hbox (18.3752pt too wide) in paragraph at lines 725--725
[]  \T1/lmtt/m/n/12 df["retorno_algoritmo"] = df["invertido"] * df["retorno_shi
ft"][] 
 []

LaTeX Info: Redefining \. on input line 756.
LaTeX Info: Redefining \% on input line 756.
[39]
LaTeX Info: Redefining \. on input line 788.
LaTeX Info: Redefining \% on input line 788.
 [40]
Overfull \hbox (19.32718pt too wide) in paragraph at lines 827--827
[][] [][][]\T1/lmr/m/n/10 (-20) Para m·s in-for-ma-ciÛn, ver el mÈ-to-do \T1/lm
tt/m/n/10 Lab.vies._clasificacion_regresion_logistica| 
 []

)
LaTeX Info: Redefining \. on input line 554.
LaTeX Info: Redefining \% on input line 554.
 [41]
LaTeX Info: Redefining \. on input line 554.
LaTeX Info: Redefining \% on input line 554.
 [42]
\openout2 = `./tex/4_Tecnicas_y_herramientas.aux'.

 (tex/4_Tecnicas_y_herramientas.tex

Package hyperref Warning: Token not allowed in a PDF string (Unicode):
(hyperref)                \hskip 5.87491pt
(hyperref)                replaced by space on input line 1.

[43




]
<./img/img_16_django_MVT.png, id=1170, 426.84468pt x 203.25937pt>
File: ./img/img_16_django_MVT.png Graphic file (type png)
<use ./img/img_16_django_MVT.png>
Package pdftex.def Info: ./img/img_16_django_MVT.png  used on input line 59.
(pdftex.def)             Requested size: 383.0pt x 182.39207pt.


LaTeX Warning: `!h' float specifier changed to `!ht'.

LaTeX Info: Redefining \. on input line 59.
LaTeX Info: Redefining \% on input line 59.
[44]
LaTeX Info: Redefining \. on input line 102.
LaTeX Info: Redefining \% on input line 102.
 [45 <./img/img_16_django_MVT.png>]
LaTeX Info: Redefining \. on input line 156.
LaTeX Info: Redefining \% on input line 156.
 [46]
LaTeX Info: Redefining \. on input line 205.
LaTeX Info: Redefining \% on input line 205.
 [47]
LaTeX Info: Redefining \. on input line 252.
LaTeX Info: Redefining \% on input line 252.
 [48]
LaTeX Info: Redefining \. on input line 291.
LaTeX Info: Redefining \% on input line 291.
 [49]
LaTeX Info: Redefining \. on input line 313.
LaTeX Info: Redefining \% on input line 313.
 [50]
LaTeX Info: Redefining \. on input line 333.
LaTeX Info: Redefining \% on input line 333.
 [51]
LaTeX Info: Redefining \. on input line 359.
LaTeX Info: Redefining \% on input line 359.
 [52])
LaTeX Info: Redefining \. on input line 555.
LaTeX Info: Redefining \% on input line 555.

[53]
\openout2 = `./tex/5_Aspectos_relevantes_del_desarrollo_del_proyecto.aux'.

 (tex/5_Aspectos_relevantes_del_desarrollo_del_proyecto.tex

Package hyperref Warning: Token not allowed in a PDF string (Unicode):
(hyperref)                \hskip 5.87491pt
(hyperref)                replaced by space on input line 1.

[54




]
LaTeX Info: Redefining \. on input line 27.
LaTeX Info: Redefining \% on input line 27.
 [55]
LaTeX Info: Redefining \. on input line 48.
LaTeX Info: Redefining \% on input line 48.
 [56]
Overfull \hbox (13.05058pt too wide) in paragraph at lines 82--83
[]\T1/lmr/m/n/12 (-20) Clase del Dr. Pe-ter Kem-pthor-ne, del MIT, so-bre \T1/l
mr/m/it/12 (-20) Port-fo-lio Theory\T1/lmr/m/n/12 (-20) [[]]. 
 []

LaTeX Info: Redefining \. on input line 94.
LaTeX Info: Redefining \% on input line 94.
[57]
LaTeX Info: Redefining \. on input line 103.
LaTeX Info: Redefining \% on input line 103.
 [58]
Overfull \hbox (80.12523pt too wide) in paragraph at lines 104--104
[]\T1/lmtt/m/n/12 Crear una clase base con una serie de atributos (id, precios,
 moneda, etc.)[] 
 []


Overfull \hbox (61.60022pt too wide) in paragraph at lines 109--109
[]    \T1/lmtt/m/n/12 Por cada ticker generar una clase din·mica del tipo de la
 clase base[] 
 []


Overfull \hbox (36.9002pt too wide) in paragraph at lines 110--110
[]\T1/lmtt/m/n/12 Asignar a la clase din·mica el nombre de la tabla como el del
 ticker[] 
 []


Overfull \hbox (43.07521pt too wide) in paragraph at lines 111--111
[]\T1/lmtt/m/n/12 Crear una nueva entrada en el diccionario con la nueva clase 
din·mica[] 
 []


Overfull \hbox (73.95023pt too wide) in paragraph at lines 113--113
[]\T1/lmtt/m/n/12 Hacer el diccionario accesible a los scripts de creaciÛn de b
ases de datos[] 
 []

LaTeX Info: Redefining \. on input line 138.
LaTeX Info: Redefining \% on input line 138.
[59]
LaTeX Info: Redefining \. on input line 167.
LaTeX Info: Redefining \% on input line 167.
 [60]
Overfull \hbox (30.7252pt too wide) in paragraph at lines 168--168
[]        \T1/lmtt/m/n/12 Iniciar transacciÛn con la conexiÛn (asegurando atomi
cidad)[] 
 []


Overfull \hbox (111.00024pt too wide) in paragraph at lines 170--170
[]            \T1/lmtt/m/n/12 Obtener datos histÛricos del stock (stock = yfina
nce.Ticker(ticker))[] 
 []


Overfull \hbox (55.42522pt too wide) in paragraph at lines 173--173
[]            \T1/lmtt/m/n/12 Calcular medias mÛviles y aÒadir informaciÛn de l
a compaÒÌa[] 
 []


Overfull \hbox (12.2002pt too wide) in paragraph at lines 174--174
[]            \T1/lmtt/m/n/12 Verificar existencia de la tabla en la base de da
tos[] 
 []


Overfull \hbox (10.88582pt too wide) in paragraph at lines 198--229
 [][] 
 []

LaTeX Info: Redefining \. on input line 232.
LaTeX Info: Redefining \% on input line 232.
[61]
LaTeX Info: Redefining \. on input line 242.
LaTeX Info: Redefining \% on input line 242.
 [62]
Overfull \hbox (28.81137pt too wide) in paragraph at lines 254--255
[]\T1/lmr/m/n/12 (-20) Dentro de es-te pro-yec-to se ha de-ja-do un ar-chi-vo d
e ejem-plo, \T1/lmtt/m/n/12 FAT/.env.example\T1/lmr/m/n/12 (-20) ,
 []

LaTeX Info: Redefining \. on input line 255.
LaTeX Info: Redefining \% on input line 255.
[63]
LaTeX Info: Redefining \. on input line 279.
LaTeX Info: Redefining \% on input line 279.
 [64]
Overfull \hbox (52.54929pt too wide) in paragraph at lines 279--279
[][] [][][]\T1/lmr/m/n/10 (-20) Es re-co-men-da-ble ver el mÈ-to-do \T1/lmtt/m/
n/10 DashBoard.views.mostrar_markowitz_frontera_y_mejores()
 []

LaTeX Info: Redefining \. on input line 303.
LaTeX Info: Redefining \% on input line 303.
[65]
LaTeX Info: Redefining \. on input line 333.
LaTeX Info: Redefining \% on input line 333.
 [66]
LaTeX Info: Redefining \. on input line 355.
LaTeX Info: Redefining \% on input line 355.
 [67]
LaTeX Info: Redefining \. on input line 363.
LaTeX Info: Redefining \% on input line 363.
 [68]
Underfull \hbox (badness 10000) in paragraph at lines 382--382
[][] [][][]\T1/lmr/m/n/10 (+20) Ver los mÈ-to-dos \T1/lmtt/m/n/10 DashBoard.vie
ws._hay_errores() \T1/lmr/m/n/10 (+20) y
 []

LaTeX Info: Redefining \. on input line 388.
LaTeX Info: Redefining \% on input line 388.
[69]
Overfull \hbox (1.46526pt too wide) in alignment at lines 408--408
[][][][] 
 []


Overfull \hbox (1.46526pt too wide) in alignment at lines 422--422
[][][][] 
 []

)
LaTeX Info: Redefining \. on input line 556.
LaTeX Info: Redefining \% on input line 556.
 [70]
\openout2 = `./tex/6_Trabajos_relacionados.aux'.

 (tex/6_Trabajos_relacionados.tex

Package hyperref Warning: Token not allowed in a PDF string (Unicode):
(hyperref)                \hskip 5.87491pt
(hyperref)                replaced by space on input line 1.

[71




])
LaTeX Info: Redefining \. on input line 557.
LaTeX Info: Redefining \% on input line 557.
 [72]
\openout2 = `./tex/7_Conclusiones_Lineas_de_trabajo_futuras.aux'.

 (tex/7_Conclusiones_Lineas_de_trabajo_futuras.tex

Package hyperref Warning: Token not allowed in a PDF string (Unicode):
(hyperref)                \hskip 5.87491pt
(hyperref)                replaced by space on input line 1.

[73




]
LaTeX Info: Redefining \. on input line 20.
LaTeX Info: Redefining \% on input line 20.
 [74])
LaTeX Info: Redefining \. on input line 558.
LaTeX Info: Redefining \% on input line 558.
 [75] (memoria.bbl
Underfull \hbox (badness 1137) in paragraph at lines 10--14
[]\T1/lmr/m/n/12 (+20) News API.  \T1/lmr/m/it/12 (+20) News API\T1/lmr/m/n/12 
(+20) .  [][]$\T1/lmtt/m/n/12 https : / / newsapi . org / docs / client -[]
 []


Underfull \hbox (badness 2547) in paragraph at lines 16--20
[]\T1/lmr/m/n/12 (+20) Ran Arous-si.  \T1/lmr/m/it/12 (+20) yFi-nan-ce\T1/lmr/m
/n/12 (+20) .  [][]$\T1/lmtt/m/n/12 https : / / github . com / ranaroussi /
 []


Underfull \hbox (badness 1584) in paragraph at lines 40--44
[]\T1/lmr/m/n/12 (+20) Sphinx Authors.  \T1/lmr/m/it/12 (+20) Sphinx\T1/lmr/m/n
/12 (+20) .  [][]$\T1/lmtt/m/n/12 https : / / www . sphinx -[] doc . org / en /

 []


Underfull \hbox (badness 1028) in paragraph at lines 59--64
[]\T1/lmr/m/n/12 (+20) Bootstrap.  \T1/lmr/m/it/12 (+20) Boots-trap\T1/lmr/m/n/
12 (+20) .  [][]$\T1/lmtt/m/n/12 https : / / getbootstrap . com / docs / 5 . 3 
/
 []

[76



]
Underfull \hbox (badness 10000) in paragraph at lines 93--99
[]\T1/lmr/m/n/12 (+20) Julian Chang.  \T1/lmr/m/it/12 (+20) Mo-dern Port-fo-lio
 Theory with Python\T1/lmr/m/n/12 (+20) .
 []


Underfull \hbox (badness 10000) in paragraph at lines 93--99
[][]$\T1/lmtt/m/n/12 https : / / medium . com / @changjulian17 / modern -[] por
tfolio -[]
 []


Underfull \hbox (badness 3250) in paragraph at lines 93--99
\T1/lmtt/m/n/12 theory -[] with -[] python -[] f33c9f517cd4$[][]\T1/lmr/m/n/12 
(+20) , 2021.  On-li-ne; Ac-ce-di-do
 []


Underfull \hbox (badness 2644) in paragraph at lines 101--105
[]\T1/lmr/m/n/12 (+20) CircleCI.  \T1/lmr/m/it/12 (+20) Cir-cle-CI\T1/lmr/m/n/1
2 (+20) .  [][]$\T1/lmtt/m/n/12 https : / / circleci . com / docs / language -[
]
 []


Underfull \hbox (badness 1005) in paragraph at lines 136--142
[]\T1/lmr/m/n/12 (+20) ComisiÛn Na-cio-nal del Mer-ca-do de Va-lo-res.  \T1/lmr
/m/it/12 (+20) Plan de Edu-ca-
 []


Underfull \hbox (badness 1158) in paragraph at lines 136--142
\T1/lmr/m/it/12 (+20) ciÛn Fi-nan-cie-ra 2022-2025\T1/lmr/m/n/12 (+20) .  [][]$
\T1/lmtt/m/n/12 https : / / www . cnmv . es / docportal /
 []


Underfull \hbox (badness 10000) in paragraph at lines 136--142
\T1/lmtt/m/n/12 publicaciones / planeducacion / planeducacionfinanciera _ 22 _
 []

LaTeX Info: Redefining \. on input line 150.
LaTeX Info: Redefining \% on input line 150.

Overfull \vbox (0.85403pt too high) has occurred while \output is active []


[77]
Underfull \hbox (badness 2753) in paragraph at lines 151--155
[]\T1/lmr/m/n/12 (+20) Django de-ve-lo-pers.  \T1/lmr/m/it/12 (+20) Djan-go do-
cu-men-ta-tion\T1/lmr/m/n/12 (+20) .  [][]$\T1/lmtt/m/n/12 https : / / docs .
 []


Underfull \hbox (badness 10000) in paragraph at lines 181--187
\T1/lmtt/m/n/12 en / 5 . 0 / topics / db / multi -[] db / #topics -[] db -[] mu
lti -[] db -[] routing$[][]\T1/lmr/m/n/12 (+20) ,
 []

LaTeX Info: Redefining \. on input line 236.
LaTeX Info: Redefining \% on input line 236.

Overfull \vbox (0.85403pt too high) has occurred while \output is active []


[78]
Underfull \hbox (badness 10000) in paragraph at lines 306--312
\T1/lmtt/m/n/12 / / ocw . mit . edu / courses / 18 -[] s096 -[] topics -[] in -
[] mathematics -[] with -[]
 []


Underfull \hbox (badness 10000) in paragraph at lines 306--312
\T1/lmtt/m/n/12 applications -[] in -[] finance -[] fall -[] 2013 / resources /
 lecture -[] 14 -[]
 []

LaTeX Info: Redefining \. on input line 312.
LaTeX Info: Redefining \% on input line 312.

Overfull \vbox (0.85403pt too high) has occurred while \output is active []


[79]
Underfull \hbox (badness 2521) in paragraph at lines 336--342
[]\T1/lmr/m/n/12 (+20) JosÈ Fran-cis-co LÛ-pez.  \T1/lmr/m/it/12 (+20) Si-mu-la
-ciÛn de Mon-te-car-lo\T1/lmr/m/n/12 (+20) .  [][]$\T1/lmtt/m/n/12 https :
 []


Underfull \hbox (badness 10000) in paragraph at lines 336--342
\T1/lmtt/m/n/12 / / economipedia . com / definiciones / simulacion -[] de -[] m
ontecarlo .
 []


Underfull \hbox (badness 1694) in paragraph at lines 361--367
[]\T1/lmr/m/n/12 (+20) Microsoft.  \T1/lmr/m/it/12 (+20) MS Teams\T1/lmr/m/n/12
 (+20) .  [][]$\T1/lmtt/m/n/12 https : / / www . microsoft . com / es -[] es /
 []

LaTeX Info: Redefining \. on input line 386.
LaTeX Info: Redefining \% on input line 386.

Overfull \vbox (0.85403pt too high) has occurred while \output is active []


[80]
Underfull \hbox (badness 4454) in paragraph at lines 411--415
[]\T1/lmr/m/n/12 (+20) pytest-cov con-tri-bu-tors.  \T1/lmr/m/it/12 (+20) Pytes
t-cov\T1/lmr/m/n/12 (+20) .  [][]$\T1/lmtt/m/n/12 https : / / pytest -[] cov .
 []

LaTeX Info: Redefining \. on input line 464.
LaTeX Info: Redefining \% on input line 464.

Overfull \vbox (0.85403pt too high) has occurred while \output is active []


[81]
LaTeX Info: Redefining \. on input line 538.
LaTeX Info: Redefining \% on input line 538.

Overfull \vbox (0.85403pt too high) has occurred while \output is active []


[82]
Underfull \hbox (badness 5064) in paragraph at lines 614--618
[]\T1/lmr/m/n/12 (+20) Wikipedia.  \T1/lmr/m/it/12 (+20) Ja-vaS-cript\T1/lmr/m/
n/12 (+20) .  [][]$\T1/lmtt/m/n/12 https : / / es . wikipedia . org / wiki /
 []

LaTeX Info: Redefining \. on input line 625.
LaTeX Info: Redefining \% on input line 625.

Overfull \vbox (0.85403pt too high) has occurred while \output is active []


[83]
Underfull \hbox (badness 4120) in paragraph at lines 638--644
[]\T1/lmr/m/n/12 (+20) Wikipedia.  \T1/lmr/m/it/12 (+20) Mo-de-lo au-to-rre-gre
-si-vo in-te-gra-do de me-dia mÛ-
 []

LaTeX Info: Redefining \. on input line 710.
LaTeX Info: Redefining \% on input line 710.

Overfull \vbox (0.85403pt too high) has occurred while \output is active []


[84])
LaTeX Info: Redefining \. on input line 564.
LaTeX Info: Redefining \% on input line 564.

Overfull \vbox (0.85403pt too high) has occurred while \output is active []


[85]

pdfTeX warning: pdflatex (file ./img/licencia.pdf): PDF inclusion: found PDF ve
rsion <1.7>, but at most version <1.5> allowed
<./img/licencia.pdf, id=1748, 597.23125pt x 845.1575pt>
File: ./img/licencia.pdf Graphic file (type pdf)
<use ./img/licencia.pdf>
Package pdftex.def Info: ./img/licencia.pdf  used on input line 572.
(pdftex.def)             Requested size: 113.81102pt x 161.04585pt.
[86 <./img/licencia.pdf>]

Class memoir Warning: The material used in the headers is too large
(15.35403pt) for the given head height (14.5pt), it is recommended to
either increase the head height or redesign the header
(in both cases you will find help in the memoir manual). on input line 581.

\tf@toc=\write5
\openout5 = `memoria.toc'.

\tf@lof=\write6
\openout6 = `memoria.lof'.

\tf@lot=\write7
\openout7 = `memoria.lot'.

(memoria.aux
LaTeX Info: Redefining \. on input line 12.
LaTeX Info: Redefining \% on input line 12.
LaTeX Info: Redefining \. on input line 13.
LaTeX Info: Redefining \% on input line 13.
 (tex/1_Introduccion.aux) (tex/2_Objetivos_del_proyecto.aux)
(tex/3_Conceptos_teoricos.aux) (tex/4_Tecnicas_y_herramientas.aux)
(tex/5_Aspectos_relevantes_del_desarrollo_del_proyecto.aux)
(tex/6_Trabajos_relacionados.aux)
(tex/7_Conclusiones_Lineas_de_trabajo_futuras.aux))
 ***********
LaTeX2e <2023-11-01>
L3 programming layer <2020/03/25>
 ***********


LaTeX Font Warning: Some font shapes were not available, defaults substituted.


LaTeX Warning: There were multiply-defined labels.

Package rerunfilecheck Info: File `memoria.out' has not changed.
(rerunfilecheck)             Checksum: DAAD896AE0C81CDFC9AD7291E8B9CF4C;9308.
 ) 
Here is how much of TeX's memory you used:
 19544 strings out of 474591
 320650 string characters out of 5745778
 1948533 words of memory out of 5000000
 40585 multiletter control sequences out of 15000+600000
 702026 words of font info for 291 fonts, out of 8000000 for 9000
 1141 hyphenation exceptions out of 8191
 85i,12n,93p,1184b,1062s stack positions out of 10000i,1000n,20000p,200000b,200000s
<C:/Users/rodri/AppData/Local/Programs/MiKTeX/fonts/type1/public/lm/lmbx10.pf
b><C:/Users/rodri/AppData/Local/Programs/MiKTeX/fonts/type1/public/lm/lmbx12.pf
b><C:/Users/rodri/AppData/Local/Programs/MiKTeX/fonts/type1/public/lm/lmbxi10.p
fb><C:/Users/rodri/AppData/Local/Programs/MiKTeX/fonts/type1/public/lm/lmcsc10.
pfb><C:/Users/rodri/AppData/Local/Programs/MiKTeX/fonts/type1/public/lm/lmex10.
pfb><C:/Users/rodri/AppData/Local/Programs/MiKTeX/fonts/type1/public/lm/lmmi10.
pfb><C:/Users/rodri/AppData/Local/Programs/MiKTeX/fonts/type1/public/lm/lmmi12.
pfb><C:/Users/rodri/AppData/Local/Programs/MiKTeX/fonts/type1/public/lm/lmmi6.p
fb><C:/Users/rodri/AppData/Local/Programs/MiKTeX/fonts/type1/public/lm/lmmi7.pf
b><C:/Users/rodri/AppData/Local/Programs/MiKTeX/fonts/type1/public/lm/lmmi8.pfb
><C:/Users/rodri/AppData/Local/Programs/MiKTeX/fonts/type1/public/lm/lmr10.pfb>
<C:/Users/rodri/AppData/Local/Programs/MiKTeX/fonts/type1/public/lm/lmr12.pfb><
C:/Users/rodri/AppData/Local/Programs/MiKTeX/fonts/type1/public/lm/lmr17.pfb><C
:/Users/rodri/AppData/Local/Programs/MiKTeX/fonts/type1/public/lm/lmr6.pfb><C:/
Users/rodri/AppData/Local/Programs/MiKTeX/fonts/type1/public/lm/lmr7.pfb><C:/Us
ers/rodri/AppData/Local/Programs/MiKTeX/fonts/type1/public/lm/lmr8.pfb><C:/User
s/rodri/AppData/Local/Programs/MiKTeX/fonts/type1/public/lm/lmri10.pfb><C:/User
s/rodri/AppData/Local/Programs/MiKTeX/fonts/type1/public/lm/lmri12.pfb><C:/User
s/rodri/AppData/Local/Programs/MiKTeX/fonts/type1/public/lm/lmro12.pfb><C:/User
s/rodri/AppData/Local/Programs/MiKTeX/fonts/type1/public/lm/lmssbx10.pfb><C:/Us
ers/rodri/AppData/Local/Programs/MiKTeX/fonts/type1/public/lm/lmsy10.pfb><C:/Us
ers/rodri/AppData/Local/Programs/MiKTeX/fonts/type1/public/lm/lmsy8.pfb><C:/Use
rs/rodri/AppData/Local/Programs/MiKTeX/fonts/type1/public/lm/lmtt10.pfb><C:/Use
rs/rodri/AppData/Local/Programs/MiKTeX/fonts/type1/public/lm/lmtt12.pfb>
Output written on memoria.pdf (97 pages, 2568185 bytes).
PDF statistics:
 1963 PDF objects out of 2073 (max. 8388607)
 432 named destinations out of 1000 (max. 500000)
 78317 words of extra memory for PDF output out of 89155 (max. 10000000)

